2025-06-01 18:08:29,214 DEBUG [urllib3.connectionpool] https://logfire-eu.pydantic.dev:443 "GET /v1/info HTTP/1.1" 200 None
2025-06-01 18:08:29,231 DEBUG [urllib3.connectionpool] Starting new HTTPS connection (1): logfire-eu.pydantic.dev:443
2025-06-01 18:08:29,358 DEBUG [urllib3.connectionpool] https://logfire-eu.pydantic.dev:443 "POST /v1/traces HTTP/1.1" 200 0
2025-06-01 18:12:28,268 DEBUG [urllib3.connectionpool] https://logfire-eu.pydantic.dev:443 "GET /v1/info HTTP/1.1" 200 None
2025-06-01 18:12:28,299 DEBUG [urllib3.connectionpool] Starting new HTTPS connection (1): logfire-eu.pydantic.dev:443
2025-06-01 18:12:28,412 DEBUG [urllib3.connectionpool] https://logfire-eu.pydantic.dev:443 "POST /v1/traces HTTP/1.1" 200 0
2025-06-01 18:13:06,837 DEBUG [urllib3.connectionpool] https://logfire-eu.pydantic.dev:443 "POST /v1/traces HTTP/1.1" 200 0
2025-06-01 18:13:28,163 DEBUG [urllib3.connectionpool] https://logfire-eu.pydantic.dev:443 "POST /v1/metrics HTTP/1.1" 200 2
2025-06-01 18:13:38,081 DEBUG [urllib3.connectionpool] https://logfire-eu.pydantic.dev:443 "POST /v1/traces HTTP/1.1" 200 0
2025-06-01 18:13:38,576 DEBUG [urllib3.connectionpool] https://logfire-eu.pydantic.dev:443 "POST /v1/traces HTTP/1.1" 200 0
2025-06-01 18:13:43,093 DEBUG [urllib3.connectionpool] https://logfire-eu.pydantic.dev:443 "POST /v1/traces HTTP/1.1" 200 0
2025-06-01 18:14:16,594 DEBUG [urllib3.connectionpool] https://logfire-eu.pydantic.dev:443 "POST /v1/traces HTTP/1.1" 200 0
2025-06-01 18:14:28,222 DEBUG [urllib3.connectionpool] https://logfire-eu.pydantic.dev:443 "POST /v1/metrics HTTP/1.1" 200 2
2025-06-01 18:15:28,287 DEBUG [urllib3.connectionpool] https://logfire-eu.pydantic.dev:443 "POST /v1/metrics HTTP/1.1" 200 2
2025-06-01 18:15:34,119 DEBUG [urllib3.connectionpool] Starting new HTTPS connection (1): logfire-eu.pydantic.dev:443
2025-06-01 18:15:34,235 DEBUG [urllib3.connectionpool] https://logfire-eu.pydantic.dev:443 "POST /v1/metrics HTTP/1.1" 200 2
2025-06-01 18:18:26,991 DEBUG [urllib3.connectionpool] https://logfire-eu.pydantic.dev:443 "GET /v1/info HTTP/1.1" 200 None
2025-06-01 18:18:27,006 DEBUG [urllib3.connectionpool] Starting new HTTPS connection (1): logfire-eu.pydantic.dev:443
2025-06-01 18:18:27,172 DEBUG [urllib3.connectionpool] https://logfire-eu.pydantic.dev:443 "POST /v1/traces HTTP/1.1" 200 0
2025-06-01 18:18:35,340 DEBUG [urllib3.connectionpool] https://logfire-eu.pydantic.dev:443 "POST /v1/traces HTTP/1.1" 200 0
2025-06-01 18:18:35,442 DEBUG [urllib3.connectionpool] https://logfire-eu.pydantic.dev:443 "POST /v1/traces HTTP/1.1" 200 0
2025-06-01 18:18:40,111 DEBUG [app.crud.user] Fetching users with skip=0, limit=100
2025-06-01 18:18:40,122 DEBUG [app.crud.user] Fetched users: []
2025-06-01 18:18:40,255 DEBUG [urllib3.connectionpool] https://logfire-eu.pydantic.dev:443 "POST /v1/traces HTTP/1.1" 200 0
2025-06-01 18:19:26,875 DEBUG [urllib3.connectionpool] https://logfire-eu.pydantic.dev:443 "POST /v1/metrics HTTP/1.1" 200 2
2025-06-01 18:20:26,947 DEBUG [urllib3.connectionpool] https://logfire-eu.pydantic.dev:443 "POST /v1/metrics HTTP/1.1" 200 2
2025-06-01 18:21:10,648 DEBUG [urllib3.connectionpool] Starting new HTTPS connection (1): logfire-eu.pydantic.dev:443
2025-06-01 18:21:10,763 DEBUG [urllib3.connectionpool] https://logfire-eu.pydantic.dev:443 "POST /v1/metrics HTTP/1.1" 200 2
2025-06-01 18:21:15,763 DEBUG [urllib3.connectionpool] https://logfire-eu.pydantic.dev:443 "GET /v1/info HTTP/1.1" 200 None
2025-06-01 18:21:15,853 DEBUG [urllib3.connectionpool] Starting new HTTPS connection (1): logfire-eu.pydantic.dev:443
2025-06-01 18:21:15,965 DEBUG [urllib3.connectionpool] https://logfire-eu.pydantic.dev:443 "POST /v1/traces HTTP/1.1" 200 0
2025-06-01 18:21:20,199 DEBUG [app] Fetching users with skip=0, limit=100
2025-06-01 18:21:20,211 DEBUG [app] Fetched users: []
2025-06-01 18:21:20,328 DEBUG [urllib3.connectionpool] https://logfire-eu.pydantic.dev:443 "POST /v1/traces HTTP/1.1" 200 0
2025-06-01 18:22:15,718 DEBUG [urllib3.connectionpool] https://logfire-eu.pydantic.dev:443 "POST /v1/metrics HTTP/1.1" 200 2
2025-06-01 18:22:53,135 DEBUG [urllib3.connectionpool] https://logfire-eu.pydantic.dev:443 "GET /v1/info HTTP/1.1" 200 None
2025-06-01 18:22:53,212 DEBUG [urllib3.connectionpool] Starting new HTTPS connection (1): logfire-eu.pydantic.dev:443
2025-06-01 18:22:53,330 DEBUG [urllib3.connectionpool] https://logfire-eu.pydantic.dev:443 "POST /v1/traces HTTP/1.1" 200 0
2025-06-01 18:22:54,288 DEBUG [urllib3.connectionpool] https://logfire-eu.pydantic.dev:443 "GET /v1/info HTTP/1.1" 200 None
2025-06-01 18:22:54,376 DEBUG [urllib3.connectionpool] Starting new HTTPS connection (1): logfire-eu.pydantic.dev:443
2025-06-01 18:22:54,491 DEBUG [urllib3.connectionpool] https://logfire-eu.pydantic.dev:443 "POST /v1/traces HTTP/1.1" 200 0
2025-06-01 18:23:41,940 DEBUG [__name__] Creating user: {'username': 'string', 'email': 'user@example.com', 'first_name': 'string', 'last_name': 'string', 'is_active': True, 'is_superuser': False, 'password': 'string'}
2025-06-01 18:23:41,952 ERROR [__name__] IntegrityError while creating user: (psycopg2.errors.NotNullViolation) null value in column "updated_at" of relation "user" violates not-null constraint
DETAIL:  Failing row contains (string, user@example.com, string, string, string, t, f, c9cb0f97-8f91-4b72-859a-8d2448697770, 2025-06-01 16:23:41.950631+00, null, null, null).

[SQL: INSERT INTO "user" (username, email, first_name, last_name, hashed_password, is_active, is_superuser, id, updated_at, created_by, updated_by) VALUES (%(username)s, %(email)s, %(first_name)s, %(last_name)s, %(hashed_password)s, %(is_active)s, %(is_superuser)s, %(id)s, %(updated_at)s, %(created_by)s, %(updated_by)s) RETURNING "user".created_at]
[parameters: {'username': 'string', 'email': 'user@example.com', 'first_name': 'string', 'last_name': 'string', 'hashed_password': 'string', 'is_active': True, 'is_superuser': False, 'id': 'c9cb0f97-8f91-4b72-859a-8d2448697770', 'updated_at': None, 'created_by': None, 'updated_by': None}]
(Background on this error at: https://sqlalche.me/e/20/gkpj)
Traceback (most recent call last):
  File "/home/radekzitek/Code/fshub-online/aiph-zeta/backend/.venv/lib/python3.12/site-packages/sqlalchemy/engine/base.py", line 1963, in _exec_single_context
    self.dialect.do_execute(
  File "/home/radekzitek/Code/fshub-online/aiph-zeta/backend/.venv/lib/python3.12/site-packages/sqlalchemy/engine/default.py", line 943, in do_execute
    cursor.execute(statement, parameters)
psycopg2.errors.NotNullViolation: null value in column "updated_at" of relation "user" violates not-null constraint
DETAIL:  Failing row contains (string, user@example.com, string, string, string, t, f, c9cb0f97-8f91-4b72-859a-8d2448697770, 2025-06-01 16:23:41.950631+00, null, null, null).


The above exception was the direct cause of the following exception:

Traceback (most recent call last):
  File "/home/radekzitek/Code/fshub-online/aiph-zeta/backend/app/crud/user.py", line 62, in create_user
    db.commit()
  File "/home/radekzitek/Code/fshub-online/aiph-zeta/backend/.venv/lib/python3.12/site-packages/sqlalchemy/orm/session.py", line 2032, in commit
    trans.commit(_to_root=True)
  File "<string>", line 2, in commit
  File "/home/radekzitek/Code/fshub-online/aiph-zeta/backend/.venv/lib/python3.12/site-packages/sqlalchemy/orm/state_changes.py", line 139, in _go
    ret_value = fn(self, *arg, **kw)
                ^^^^^^^^^^^^^^^^^^^^
  File "/home/radekzitek/Code/fshub-online/aiph-zeta/backend/.venv/lib/python3.12/site-packages/sqlalchemy/orm/session.py", line 1313, in commit
    self._prepare_impl()
  File "<string>", line 2, in _prepare_impl
  File "/home/radekzitek/Code/fshub-online/aiph-zeta/backend/.venv/lib/python3.12/site-packages/sqlalchemy/orm/state_changes.py", line 139, in _go
    ret_value = fn(self, *arg, **kw)
                ^^^^^^^^^^^^^^^^^^^^
  File "/home/radekzitek/Code/fshub-online/aiph-zeta/backend/.venv/lib/python3.12/site-packages/sqlalchemy/orm/session.py", line 1288, in _prepare_impl
    self.session.flush()
  File "/home/radekzitek/Code/fshub-online/aiph-zeta/backend/.venv/lib/python3.12/site-packages/sqlalchemy/orm/session.py", line 4345, in flush
    self._flush(objects)
  File "/home/radekzitek/Code/fshub-online/aiph-zeta/backend/.venv/lib/python3.12/site-packages/sqlalchemy/orm/session.py", line 4480, in _flush
    with util.safe_reraise():
  File "/home/radekzitek/Code/fshub-online/aiph-zeta/backend/.venv/lib/python3.12/site-packages/sqlalchemy/util/langhelpers.py", line 224, in __exit__
    raise exc_value.with_traceback(exc_tb)
  File "/home/radekzitek/Code/fshub-online/aiph-zeta/backend/.venv/lib/python3.12/site-packages/sqlalchemy/orm/session.py", line 4441, in _flush
    flush_context.execute()
  File "/home/radekzitek/Code/fshub-online/aiph-zeta/backend/.venv/lib/python3.12/site-packages/sqlalchemy/orm/unitofwork.py", line 466, in execute
    rec.execute(self)
  File "/home/radekzitek/Code/fshub-online/aiph-zeta/backend/.venv/lib/python3.12/site-packages/sqlalchemy/orm/unitofwork.py", line 642, in execute
    util.preloaded.orm_persistence.save_obj(
  File "/home/radekzitek/Code/fshub-online/aiph-zeta/backend/.venv/lib/python3.12/site-packages/sqlalchemy/orm/persistence.py", line 93, in save_obj
    _emit_insert_statements(
  File "/home/radekzitek/Code/fshub-online/aiph-zeta/backend/.venv/lib/python3.12/site-packages/sqlalchemy/orm/persistence.py", line 1233, in _emit_insert_statements
    result = connection.execute(
             ^^^^^^^^^^^^^^^^^^^
  File "/home/radekzitek/Code/fshub-online/aiph-zeta/backend/.venv/lib/python3.12/site-packages/sqlalchemy/engine/base.py", line 1415, in execute
    return meth(
           ^^^^^
  File "/home/radekzitek/Code/fshub-online/aiph-zeta/backend/.venv/lib/python3.12/site-packages/sqlalchemy/sql/elements.py", line 523, in _execute_on_connection
    return connection._execute_clauseelement(
           ^^^^^^^^^^^^^^^^^^^^^^^^^^^^^^^^^^
  File "/home/radekzitek/Code/fshub-online/aiph-zeta/backend/.venv/lib/python3.12/site-packages/sqlalchemy/engine/base.py", line 1637, in _execute_clauseelement
    ret = self._execute_context(
          ^^^^^^^^^^^^^^^^^^^^^^
  File "/home/radekzitek/Code/fshub-online/aiph-zeta/backend/.venv/lib/python3.12/site-packages/sqlalchemy/engine/base.py", line 1842, in _execute_context
    return self._exec_single_context(
           ^^^^^^^^^^^^^^^^^^^^^^^^^^
  File "/home/radekzitek/Code/fshub-online/aiph-zeta/backend/.venv/lib/python3.12/site-packages/sqlalchemy/engine/base.py", line 1982, in _exec_single_context
    self._handle_dbapi_exception(
  File "/home/radekzitek/Code/fshub-online/aiph-zeta/backend/.venv/lib/python3.12/site-packages/sqlalchemy/engine/base.py", line 2351, in _handle_dbapi_exception
    raise sqlalchemy_exception.with_traceback(exc_info[2]) from e
  File "/home/radekzitek/Code/fshub-online/aiph-zeta/backend/.venv/lib/python3.12/site-packages/sqlalchemy/engine/base.py", line 1963, in _exec_single_context
    self.dialect.do_execute(
  File "/home/radekzitek/Code/fshub-online/aiph-zeta/backend/.venv/lib/python3.12/site-packages/sqlalchemy/engine/default.py", line 943, in do_execute
    cursor.execute(statement, parameters)
sqlalchemy.exc.IntegrityError: (psycopg2.errors.NotNullViolation) null value in column "updated_at" of relation "user" violates not-null constraint
DETAIL:  Failing row contains (string, user@example.com, string, string, string, t, f, c9cb0f97-8f91-4b72-859a-8d2448697770, 2025-06-01 16:23:41.950631+00, null, null, null).

[SQL: INSERT INTO "user" (username, email, first_name, last_name, hashed_password, is_active, is_superuser, id, updated_at, created_by, updated_by) VALUES (%(username)s, %(email)s, %(first_name)s, %(last_name)s, %(hashed_password)s, %(is_active)s, %(is_superuser)s, %(id)s, %(updated_at)s, %(created_by)s, %(updated_by)s) RETURNING "user".created_at]
[parameters: {'username': 'string', 'email': 'user@example.com', 'first_name': 'string', 'last_name': 'string', 'hashed_password': 'string', 'is_active': True, 'is_superuser': False, 'id': 'c9cb0f97-8f91-4b72-859a-8d2448697770', 'updated_at': None, 'created_by': None, 'updated_by': None}]
(Background on this error at: https://sqlalche.me/e/20/gkpj)
2025-06-01 18:23:42,065 DEBUG [urllib3.connectionpool] https://logfire-eu.pydantic.dev:443 "POST /v1/traces HTTP/1.1" 200 0
2025-06-01 18:23:42,116 DEBUG [urllib3.connectionpool] https://logfire-eu.pydantic.dev:443 "POST /v1/traces HTTP/1.1" 200 0
2025-06-01 18:23:54,228 DEBUG [urllib3.connectionpool] https://logfire-eu.pydantic.dev:443 "POST /v1/metrics HTTP/1.1" 200 2
2025-06-01 18:24:54,293 DEBUG [urllib3.connectionpool] https://logfire-eu.pydantic.dev:443 "POST /v1/metrics HTTP/1.1" 200 2
2025-06-01 18:25:49,649 DEBUG [urllib3.connectionpool] https://logfire-eu.pydantic.dev:443 "GET /v1/info HTTP/1.1" 200 None
2025-06-01 18:25:49,695 DEBUG [urllib3.connectionpool] Starting new HTTPS connection (1): logfire-eu.pydantic.dev:443
2025-06-01 18:25:49,807 DEBUG [urllib3.connectionpool] https://logfire-eu.pydantic.dev:443 "POST /v1/traces HTTP/1.1" 200 0
2025-06-01 18:26:02,112 DEBUG [__name__] Creating user: {'username': 'string', 'email': 'user@example.com', 'first_name': 'string', 'last_name': 'string', 'is_active': True, 'is_superuser': False, 'password': 'string'}
2025-06-01 18:26:02,128 DEBUG [__name__] User created successfully: <app.models.user.User object at 0x7362d4514c50>
2025-06-01 18:26:02,192 DEBUG [urllib3.connectionpool] https://logfire-eu.pydantic.dev:443 "POST /v1/traces HTTP/1.1" 200 0
2025-06-01 18:26:02,281 DEBUG [urllib3.connectionpool] https://logfire-eu.pydantic.dev:443 "POST /v1/traces HTTP/1.1" 200 0
2025-06-01 18:27:35,972 DEBUG [urllib3.connectionpool] https://logfire-eu.pydantic.dev:443 "GET /v1/info HTTP/1.1" 200 None
2025-06-01 18:27:36,054 DEBUG [urllib3.connectionpool] Starting new HTTPS connection (1): logfire-eu.pydantic.dev:443
2025-06-01 18:27:36,178 DEBUG [urllib3.connectionpool] https://logfire-eu.pydantic.dev:443 "POST /v1/traces HTTP/1.1" 200 0
2025-06-01 18:27:39,338 DEBUG [__name__] Creating user: {'username': 'string', 'email': 'user@example.com', 'first_name': 'string', 'last_name': 'string', 'is_active': True, 'is_superuser': False, 'password': 'string'}
2025-06-01 18:27:39,350 ERROR [__name__] IntegrityError while creating user: (psycopg2.errors.UniqueViolation) duplicate key value violates unique constraint "ix_user_email"
DETAIL:  Key (email)=(user@example.com) already exists.

[SQL: INSERT INTO "user" (username, email, first_name, last_name, hashed_password, is_active, is_superuser, id, updated_at, created_by, updated_by) VALUES (%(username)s, %(email)s, %(first_name)s, %(last_name)s, %(hashed_password)s, %(is_active)s, %(is_superuser)s, %(id)s, %(updated_at)s, %(created_by)s, %(updated_by)s) RETURNING "user".created_at]
[parameters: {'username': 'string', 'email': 'user@example.com', 'first_name': 'string', 'last_name': 'string', 'hashed_password': 'string', 'is_active': True, 'is_superuser': False, 'id': 'dc87831a-63bd-41bd-a6e8-36f2043bc418', 'updated_at': None, 'created_by': None, 'updated_by': None}]
(Background on this error at: https://sqlalche.me/e/20/gkpj)
Traceback (most recent call last):
  File "/home/radekzitek/Code/fshub-online/aiph-zeta/backend/.venv/lib/python3.12/site-packages/sqlalchemy/engine/base.py", line 1963, in _exec_single_context
    self.dialect.do_execute(
  File "/home/radekzitek/Code/fshub-online/aiph-zeta/backend/.venv/lib/python3.12/site-packages/sqlalchemy/engine/default.py", line 943, in do_execute
    cursor.execute(statement, parameters)
psycopg2.errors.UniqueViolation: duplicate key value violates unique constraint "ix_user_email"
DETAIL:  Key (email)=(user@example.com) already exists.


The above exception was the direct cause of the following exception:

Traceback (most recent call last):
  File "/home/radekzitek/Code/fshub-online/aiph-zeta/backend/app/crud/user.py", line 62, in create_user
    db.commit()
  File "/home/radekzitek/Code/fshub-online/aiph-zeta/backend/.venv/lib/python3.12/site-packages/sqlalchemy/orm/session.py", line 2032, in commit
    trans.commit(_to_root=True)
  File "<string>", line 2, in commit
  File "/home/radekzitek/Code/fshub-online/aiph-zeta/backend/.venv/lib/python3.12/site-packages/sqlalchemy/orm/state_changes.py", line 139, in _go
    ret_value = fn(self, *arg, **kw)
                ^^^^^^^^^^^^^^^^^^^^
  File "/home/radekzitek/Code/fshub-online/aiph-zeta/backend/.venv/lib/python3.12/site-packages/sqlalchemy/orm/session.py", line 1313, in commit
    self._prepare_impl()
  File "<string>", line 2, in _prepare_impl
  File "/home/radekzitek/Code/fshub-online/aiph-zeta/backend/.venv/lib/python3.12/site-packages/sqlalchemy/orm/state_changes.py", line 139, in _go
    ret_value = fn(self, *arg, **kw)
                ^^^^^^^^^^^^^^^^^^^^
  File "/home/radekzitek/Code/fshub-online/aiph-zeta/backend/.venv/lib/python3.12/site-packages/sqlalchemy/orm/session.py", line 1288, in _prepare_impl
    self.session.flush()
  File "/home/radekzitek/Code/fshub-online/aiph-zeta/backend/.venv/lib/python3.12/site-packages/sqlalchemy/orm/session.py", line 4345, in flush
    self._flush(objects)
  File "/home/radekzitek/Code/fshub-online/aiph-zeta/backend/.venv/lib/python3.12/site-packages/sqlalchemy/orm/session.py", line 4480, in _flush
    with util.safe_reraise():
  File "/home/radekzitek/Code/fshub-online/aiph-zeta/backend/.venv/lib/python3.12/site-packages/sqlalchemy/util/langhelpers.py", line 224, in __exit__
    raise exc_value.with_traceback(exc_tb)
  File "/home/radekzitek/Code/fshub-online/aiph-zeta/backend/.venv/lib/python3.12/site-packages/sqlalchemy/orm/session.py", line 4441, in _flush
    flush_context.execute()
  File "/home/radekzitek/Code/fshub-online/aiph-zeta/backend/.venv/lib/python3.12/site-packages/sqlalchemy/orm/unitofwork.py", line 466, in execute
    rec.execute(self)
  File "/home/radekzitek/Code/fshub-online/aiph-zeta/backend/.venv/lib/python3.12/site-packages/sqlalchemy/orm/unitofwork.py", line 642, in execute
    util.preloaded.orm_persistence.save_obj(
  File "/home/radekzitek/Code/fshub-online/aiph-zeta/backend/.venv/lib/python3.12/site-packages/sqlalchemy/orm/persistence.py", line 93, in save_obj
    _emit_insert_statements(
  File "/home/radekzitek/Code/fshub-online/aiph-zeta/backend/.venv/lib/python3.12/site-packages/sqlalchemy/orm/persistence.py", line 1233, in _emit_insert_statements
    result = connection.execute(
             ^^^^^^^^^^^^^^^^^^^
  File "/home/radekzitek/Code/fshub-online/aiph-zeta/backend/.venv/lib/python3.12/site-packages/sqlalchemy/engine/base.py", line 1415, in execute
    return meth(
           ^^^^^
  File "/home/radekzitek/Code/fshub-online/aiph-zeta/backend/.venv/lib/python3.12/site-packages/sqlalchemy/sql/elements.py", line 523, in _execute_on_connection
    return connection._execute_clauseelement(
           ^^^^^^^^^^^^^^^^^^^^^^^^^^^^^^^^^^
  File "/home/radekzitek/Code/fshub-online/aiph-zeta/backend/.venv/lib/python3.12/site-packages/sqlalchemy/engine/base.py", line 1637, in _execute_clauseelement
    ret = self._execute_context(
          ^^^^^^^^^^^^^^^^^^^^^^
  File "/home/radekzitek/Code/fshub-online/aiph-zeta/backend/.venv/lib/python3.12/site-packages/sqlalchemy/engine/base.py", line 1842, in _execute_context
    return self._exec_single_context(
           ^^^^^^^^^^^^^^^^^^^^^^^^^^
  File "/home/radekzitek/Code/fshub-online/aiph-zeta/backend/.venv/lib/python3.12/site-packages/sqlalchemy/engine/base.py", line 1982, in _exec_single_context
    self._handle_dbapi_exception(
  File "/home/radekzitek/Code/fshub-online/aiph-zeta/backend/.venv/lib/python3.12/site-packages/sqlalchemy/engine/base.py", line 2351, in _handle_dbapi_exception
    raise sqlalchemy_exception.with_traceback(exc_info[2]) from e
  File "/home/radekzitek/Code/fshub-online/aiph-zeta/backend/.venv/lib/python3.12/site-packages/sqlalchemy/engine/base.py", line 1963, in _exec_single_context
    self.dialect.do_execute(
  File "/home/radekzitek/Code/fshub-online/aiph-zeta/backend/.venv/lib/python3.12/site-packages/sqlalchemy/engine/default.py", line 943, in do_execute
    cursor.execute(statement, parameters)
sqlalchemy.exc.IntegrityError: (psycopg2.errors.UniqueViolation) duplicate key value violates unique constraint "ix_user_email"
DETAIL:  Key (email)=(user@example.com) already exists.

[SQL: INSERT INTO "user" (username, email, first_name, last_name, hashed_password, is_active, is_superuser, id, updated_at, created_by, updated_by) VALUES (%(username)s, %(email)s, %(first_name)s, %(last_name)s, %(hashed_password)s, %(is_active)s, %(is_superuser)s, %(id)s, %(updated_at)s, %(created_by)s, %(updated_by)s) RETURNING "user".created_at]
[parameters: {'username': 'string', 'email': 'user@example.com', 'first_name': 'string', 'last_name': 'string', 'hashed_password': 'string', 'is_active': True, 'is_superuser': False, 'id': 'dc87831a-63bd-41bd-a6e8-36f2043bc418', 'updated_at': None, 'created_by': None, 'updated_by': None}]
(Background on this error at: https://sqlalche.me/e/20/gkpj)
2025-06-01 18:27:39,455 DEBUG [urllib3.connectionpool] https://logfire-eu.pydantic.dev:443 "POST /v1/traces HTTP/1.1" 200 0
2025-06-01 18:27:39,562 DEBUG [urllib3.connectionpool] https://logfire-eu.pydantic.dev:443 "POST /v1/traces HTTP/1.1" 200 0
2025-06-01 18:28:29,959 DEBUG [__name__] Fetching users with skip=0, limit=100
2025-06-01 18:28:29,963 DEBUG [__name__] Fetched users: [<app.models.user.User object at 0x7c687df6a000>]
2025-06-01 18:28:30,029 DEBUG [urllib3.connectionpool] https://logfire-eu.pydantic.dev:443 "POST /v1/traces HTTP/1.1" 200 0
2025-06-01 18:28:30,518 DEBUG [urllib3.connectionpool] https://logfire-eu.pydantic.dev:443 "POST /v1/traces HTTP/1.1" 200 0
2025-06-01 18:28:35,907 DEBUG [urllib3.connectionpool] https://logfire-eu.pydantic.dev:443 "POST /v1/metrics HTTP/1.1" 200 2
2025-06-01 18:29:01,917 DEBUG [__name__] Fetching user by id: a420d823-4975-4841-9ff8-84ab8e1808dc
2025-06-01 18:29:01,920 DEBUG [__name__] Fetched user: <app.models.user.User object at 0x7c687df6b260>
2025-06-01 18:29:01,921 DEBUG [__name__] Deleting user: a420d823-4975-4841-9ff8-84ab8e1808dc
2025-06-01 18:29:01,924 DEBUG [__name__] User deleted successfully: a420d823-4975-4841-9ff8-84ab8e1808dc
2025-06-01 18:29:02,039 DEBUG [urllib3.connectionpool] https://logfire-eu.pydantic.dev:443 "POST /v1/traces HTTP/1.1" 200 0
2025-06-01 18:29:35,972 DEBUG [urllib3.connectionpool] https://logfire-eu.pydantic.dev:443 "POST /v1/metrics HTTP/1.1" 200 2
2025-06-01 18:31:40,540 DEBUG [urllib3.connectionpool] https://logfire-eu.pydantic.dev:443 "GET /v1/info HTTP/1.1" 200 None
2025-06-01 18:31:40,603 DEBUG [urllib3.connectionpool] Starting new HTTPS connection (1): logfire-eu.pydantic.dev:443
2025-06-01 18:31:40,729 DEBUG [urllib3.connectionpool] https://logfire-eu.pydantic.dev:443 "POST /v1/traces HTTP/1.1" 200 0
2025-06-01 18:32:38,707 DEBUG [__name__] Creating user: {'username': 'rzitek', 'email': 'radek.zitek@proton.me', 'first_name': 'Radek', 'last_name': 'Zítek', 'is_active': True, 'is_superuser': True, 'password': 'user1234'}
2025-06-01 18:32:38,728 DEBUG [__name__] User created successfully: <app.models.user.User object at 0x733d83142990>
2025-06-01 18:32:38,773 DEBUG [urllib3.connectionpool] https://logfire-eu.pydantic.dev:443 "POST /v1/traces HTTP/1.1" 200 0
2025-06-01 18:32:39,263 DEBUG [urllib3.connectionpool] https://logfire-eu.pydantic.dev:443 "POST /v1/traces HTTP/1.1" 200 0
2025-06-01 18:32:40,460 DEBUG [urllib3.connectionpool] https://logfire-eu.pydantic.dev:443 "POST /v1/metrics HTTP/1.1" 200 2
2025-06-01 18:33:40,522 DEBUG [urllib3.connectionpool] https://logfire-eu.pydantic.dev:443 "POST /v1/metrics HTTP/1.1" 200 2
2025-06-01 18:34:11,303 DEBUG [urllib3.connectionpool] https://logfire-eu.pydantic.dev:443 "GET /v1/info HTTP/1.1" 200 None
2025-06-01 18:34:11,389 DEBUG [urllib3.connectionpool] Starting new HTTPS connection (1): logfire-eu.pydantic.dev:443
2025-06-01 18:34:11,506 DEBUG [urllib3.connectionpool] https://logfire-eu.pydantic.dev:443 "POST /v1/traces HTTP/1.1" 200 0
2025-06-01 18:34:17,966 DEBUG [urllib3.connectionpool] https://logfire-eu.pydantic.dev:443 "GET /v1/info HTTP/1.1" 200 None
2025-06-01 18:34:18,007 DEBUG [urllib3.connectionpool] Starting new HTTPS connection (1): logfire-eu.pydantic.dev:443
2025-06-01 18:34:18,117 DEBUG [urllib3.connectionpool] https://logfire-eu.pydantic.dev:443 "POST /v1/traces HTTP/1.1" 200 0
2025-06-01 18:35:10,981 DEBUG [urllib3.connectionpool] https://logfire-eu.pydantic.dev:443 "GET /v1/info HTTP/1.1" 200 None
2025-06-01 18:35:11,068 DEBUG [urllib3.connectionpool] Starting new HTTPS connection (1): logfire-eu.pydantic.dev:443
2025-06-01 18:35:11,191 DEBUG [urllib3.connectionpool] https://logfire-eu.pydantic.dev:443 "POST /v1/traces HTTP/1.1" 200 0
2025-06-01 18:36:15,662 DEBUG [urllib3.connectionpool] https://logfire-eu.pydantic.dev:443 "GET /v1/info HTTP/1.1" 200 None
2025-06-01 18:36:15,731 DEBUG [urllib3.connectionpool] Starting new HTTPS connection (1): logfire-eu.pydantic.dev:443
2025-06-01 18:36:15,843 DEBUG [urllib3.connectionpool] https://logfire-eu.pydantic.dev:443 "POST /v1/traces HTTP/1.1" 200 0
2025-06-01 18:36:47,437 DEBUG [app] Creating new database session.
2025-06-01 18:36:47,439 DEBUG [app] GET /users/ - Fetching users with skip=0, limit=100
2025-06-01 18:36:47,439 DEBUG [__name__] Fetching users with skip=0, limit=100
2025-06-01 18:36:47,454 DEBUG [__name__] Fetched users: [<app.models.user.User object at 0x71b63fd48050>]
2025-06-01 18:36:47,455 DEBUG [app] GET /users/ - Fetched users: [<app.models.user.User object at 0x71b63fd48050>]
2025-06-01 18:36:47,458 DEBUG [app] Closing database session.
2025-06-01 18:36:47,547 DEBUG [urllib3.connectionpool] https://logfire-eu.pydantic.dev:443 "POST /v1/traces HTTP/1.1" 200 0
2025-06-01 18:37:15,595 DEBUG [urllib3.connectionpool] https://logfire-eu.pydantic.dev:443 "POST /v1/metrics HTTP/1.1" 200 2
2025-06-01 18:38:15,702 DEBUG [urllib3.connectionpool] https://logfire-eu.pydantic.dev:443 "POST /v1/metrics HTTP/1.1" 200 2
2025-06-01 18:38:48,929 DEBUG [urllib3.connectionpool] https://logfire-eu.pydantic.dev:443 "GET /v1/info HTTP/1.1" 200 None
2025-06-01 18:38:48,950 DEBUG [urllib3.connectionpool] Starting new HTTPS connection (1): logfire-eu.pydantic.dev:443
2025-06-01 18:38:49,071 DEBUG [urllib3.connectionpool] https://logfire-eu.pydantic.dev:443 "POST /v1/traces HTTP/1.1" 200 0
2025-06-01 18:43:09,910 DEBUG [app] SQLALCHEMY_DATABASE_URL: postgresql://aiph-zeta-user:aiph-zeta-password@localhost:5432/aiph-zeta-development
2025-06-01 18:43:09,929 DEBUG [urllib3.connectionpool] https://logfire-eu.pydantic.dev:443 "GET /v1/info HTTP/1.1" 200 None
2025-06-01 18:43:09,934 DEBUG [app] SQLAlchemy engine created: Engine(postgresql://aiph-zeta-user:***@localhost:5432/aiph-zeta-development)
2025-06-01 18:43:09,955 DEBUG [app] Logfire SQLAlchemy instrumentation enabled.
2025-06-01 18:43:09,958 DEBUG [app] Logfire psycopg instrumentation enabled.
2025-06-01 18:43:09,958 DEBUG [app] SessionLocal configured: sessionmaker(class_='Session', autocommit=False, bind=Engine(postgresql://aiph-zeta-user:***@localhost:5432/aiph-zeta-development), autoflush=False, expire_on_commit=True)
2025-06-01 18:43:10,007 DEBUG [urllib3.connectionpool] Starting new HTTPS connection (1): logfire-eu.pydantic.dev:443
2025-06-01 18:43:10,158 DEBUG [urllib3.connectionpool] https://logfire-eu.pydantic.dev:443 "POST /v1/traces HTTP/1.1" 200 0
2025-06-01 18:43:33,021 DEBUG [app] Creating new database session.
2025-06-01 18:43:33,023 DEBUG [app] GET /users/ - Fetching users with skip=0, limit=100
2025-06-01 18:43:33,023 DEBUG [__name__] Fetching users with skip=0, limit=100
2025-06-01 18:43:33,039 DEBUG [__name__] Fetched users: [<app.models.user.User object at 0x7e39142a6cc0>]
2025-06-01 18:43:33,040 DEBUG [app] GET /users/ - Fetched users: [<app.models.user.User object at 0x7e39142a6cc0>]
2025-06-01 18:43:33,044 DEBUG [app] Closing database session.
2025-06-01 18:43:33,152 DEBUG [urllib3.connectionpool] https://logfire-eu.pydantic.dev:443 "POST /v1/traces HTTP/1.1" 200 0
2025-06-01 18:43:33,530 DEBUG [app] Creating new database session.
2025-06-01 18:43:33,531 DEBUG [app] GET /users/ - Fetching users with skip=0, limit=100
2025-06-01 18:43:33,532 DEBUG [__name__] Fetching users with skip=0, limit=100
2025-06-01 18:43:33,537 DEBUG [__name__] Fetched users: [<app.models.user.User object at 0x7e39141bd7f0>]
2025-06-01 18:43:33,537 DEBUG [app] GET /users/ - Fetched users: [<app.models.user.User object at 0x7e39141bd7f0>]
2025-06-01 18:43:33,538 DEBUG [app] Closing database session.
2025-06-01 18:43:33,660 DEBUG [urllib3.connectionpool] https://logfire-eu.pydantic.dev:443 "POST /v1/traces HTTP/1.1" 200 0
2025-06-01 18:43:33,716 DEBUG [app] Creating new database session.
2025-06-01 18:43:33,717 DEBUG [app] GET /users/ - Fetching users with skip=0, limit=100
2025-06-01 18:43:33,717 DEBUG [__name__] Fetching users with skip=0, limit=100
2025-06-01 18:43:33,719 DEBUG [__name__] Fetched users: [<app.models.user.User object at 0x7e39141bd4f0>]
2025-06-01 18:43:33,720 DEBUG [app] GET /users/ - Fetched users: [<app.models.user.User object at 0x7e39141bd4f0>]
2025-06-01 18:43:33,720 DEBUG [app] Closing database session.
2025-06-01 18:43:33,907 DEBUG [app] Creating new database session.
2025-06-01 18:43:33,908 DEBUG [app] GET /users/ - Fetching users with skip=0, limit=100
2025-06-01 18:43:33,908 DEBUG [__name__] Fetching users with skip=0, limit=100
2025-06-01 18:43:33,911 DEBUG [__name__] Fetched users: [<app.models.user.User object at 0x7e39141bf200>]
2025-06-01 18:43:33,911 DEBUG [app] GET /users/ - Fetched users: [<app.models.user.User object at 0x7e39141bf200>]
2025-06-01 18:43:33,911 DEBUG [app] Closing database session.
2025-06-01 18:43:34,003 DEBUG [app] Creating new database session.
2025-06-01 18:43:34,005 DEBUG [app] GET /users/ - Fetching users with skip=0, limit=100
2025-06-01 18:43:34,006 DEBUG [__name__] Fetching users with skip=0, limit=100
2025-06-01 18:43:34,037 DEBUG [__name__] Fetched users: [<app.models.user.User object at 0x7e39140907d0>]
2025-06-01 18:43:34,037 DEBUG [app] GET /users/ - Fetched users: [<app.models.user.User object at 0x7e39140907d0>]
2025-06-01 18:43:34,038 DEBUG [app] Closing database session.
2025-06-01 18:43:34,156 DEBUG [urllib3.connectionpool] https://logfire-eu.pydantic.dev:443 "POST /v1/traces HTTP/1.1" 200 0
2025-06-01 18:44:09,867 DEBUG [urllib3.connectionpool] https://logfire-eu.pydantic.dev:443 "POST /v1/metrics HTTP/1.1" 200 2
2025-06-01 18:45:09,939 DEBUG [urllib3.connectionpool] https://logfire-eu.pydantic.dev:443 "POST /v1/metrics HTTP/1.1" 200 2
2025-06-01 18:45:40,134 DEBUG [urllib3.connectionpool] https://logfire-eu.pydantic.dev:443 "GET /v1/info HTTP/1.1" 200 None
2025-06-01 18:45:40,171 DEBUG [urllib3.connectionpool] Starting new HTTPS connection (1): logfire-eu.pydantic.dev:443
2025-06-01 18:45:40,215 DEBUG [app] SQLALCHEMY_DATABASE_URL: postgresql://aiph-zeta-user:aiph-zeta-password@localhost:5432/aiph-zeta-development
2025-06-01 18:45:40,238 DEBUG [app] SQLAlchemy engine created: Engine(postgresql://aiph-zeta-user:***@localhost:5432/aiph-zeta-development)
2025-06-01 18:45:40,260 DEBUG [app] Logfire SQLAlchemy instrumentation enabled.
2025-06-01 18:45:40,263 DEBUG [app] Logfire psycopg instrumentation enabled.
2025-06-01 18:45:40,263 DEBUG [app] SessionLocal configured: sessionmaker(class_='Session', autocommit=False, bind=Engine(postgresql://aiph-zeta-user:***@localhost:5432/aiph-zeta-development), autoflush=False, expire_on_commit=True)
2025-06-01 18:45:40,288 DEBUG [urllib3.connectionpool] https://logfire-eu.pydantic.dev:443 "POST /v1/traces HTTP/1.1" 200 0
2025-06-01 18:45:40,289 DEBUG [urllib3.connectionpool] Starting new HTTPS connection (1): logfire-eu.pydantic.dev:443
2025-06-01 18:45:40,399 DEBUG [urllib3.connectionpool] https://logfire-eu.pydantic.dev:443 "POST /v1/traces HTTP/1.1" 200 0
2025-06-01 18:45:43,267 DEBUG [urllib3.connectionpool] https://logfire-eu.pydantic.dev:443 "GET /v1/info HTTP/1.1" 200 None
2025-06-01 18:45:43,334 DEBUG [urllib3.connectionpool] Starting new HTTPS connection (1): logfire-eu.pydantic.dev:443
2025-06-01 18:45:43,377 DEBUG [app] SQLALCHEMY_DATABASE_URL: postgresql://aiph-zeta-user:aiph-zeta-password@localhost:5432/aiph-zeta-development
2025-06-01 18:45:43,400 DEBUG [app] SQLAlchemy engine created: Engine(postgresql://aiph-zeta-user:***@localhost:5432/aiph-zeta-development)
2025-06-01 18:45:43,422 DEBUG [app] Logfire SQLAlchemy instrumentation enabled.
2025-06-01 18:45:43,424 DEBUG [app] Logfire psycopg instrumentation enabled.
2025-06-01 18:45:43,424 DEBUG [app] SessionLocal configured: sessionmaker(class_='Session', autocommit=False, bind=Engine(postgresql://aiph-zeta-user:***@localhost:5432/aiph-zeta-development), autoflush=False, expire_on_commit=True)
2025-06-01 18:45:43,457 DEBUG [urllib3.connectionpool] https://logfire-eu.pydantic.dev:443 "POST /v1/traces HTTP/1.1" 200 0
2025-06-01 18:45:43,512 DEBUG [urllib3.connectionpool] https://logfire-eu.pydantic.dev:443 "POST /v1/traces HTTP/1.1" 200 0
2025-06-01 18:46:23,433 DEBUG [urllib3.connectionpool] https://logfire-eu.pydantic.dev:443 "GET /v1/info HTTP/1.1" 200 None
2025-06-01 18:46:23,488 DEBUG [urllib3.connectionpool] Starting new HTTPS connection (1): logfire-eu.pydantic.dev:443
2025-06-01 18:46:23,515 DEBUG [app] SQLALCHEMY_DATABASE_URL: postgresql://aiph-zeta-user:aiph-zeta-password@localhost:5432/aiph-zeta-development
2025-06-01 18:46:23,536 DEBUG [app] SQLAlchemy engine created: Engine(postgresql://aiph-zeta-user:***@localhost:5432/aiph-zeta-development)
2025-06-01 18:46:23,559 DEBUG [app] Logfire SQLAlchemy instrumentation enabled.
2025-06-01 18:46:23,561 DEBUG [app] Logfire psycopg instrumentation enabled.
2025-06-01 18:46:23,561 DEBUG [app] SessionLocal configured: sessionmaker(class_='Session', autocommit=False, bind=Engine(postgresql://aiph-zeta-user:***@localhost:5432/aiph-zeta-development), autoflush=False, expire_on_commit=True)
2025-06-01 18:46:23,610 DEBUG [urllib3.connectionpool] https://logfire-eu.pydantic.dev:443 "POST /v1/traces HTTP/1.1" 200 0
2025-06-01 18:46:23,667 DEBUG [urllib3.connectionpool] https://logfire-eu.pydantic.dev:443 "POST /v1/traces HTTP/1.1" 200 0
2025-06-01 18:46:28,305 DEBUG [app] Creating new database session.
2025-06-01 18:46:28,307 DEBUG [app] GET /users/ - Fetching users with skip=0, limit=100
2025-06-01 18:46:28,308 DEBUG [__name__] Fetching users with skip=0, limit=100
2025-06-01 18:46:28,325 DEBUG [__name__] Fetched users: [<app.models.user.User object at 0x7f877d9b7470>]
2025-06-01 18:46:28,325 DEBUG [app] GET /users/ - Fetched users: [<app.models.user.User object at 0x7f877d9b7470>]
2025-06-01 18:46:28,328 DEBUG [app] Closing database session.
2025-06-01 18:46:28,372 DEBUG [urllib3.connectionpool] https://logfire-eu.pydantic.dev:443 "POST /v1/traces HTTP/1.1" 200 0
2025-06-01 18:46:28,875 DEBUG [urllib3.connectionpool] https://logfire-eu.pydantic.dev:443 "POST /v1/traces HTTP/1.1" 200 0
2025-06-01 18:47:23,348 DEBUG [urllib3.connectionpool] https://logfire-eu.pydantic.dev:443 "POST /v1/metrics HTTP/1.1" 200 2
2025-06-01 18:48:04,992 DEBUG [urllib3.connectionpool] https://logfire-eu.pydantic.dev:443 "GET /v1/info HTTP/1.1" 200 None
2025-06-01 18:48:05,051 DEBUG [urllib3.connectionpool] Starting new HTTPS connection (1): logfire-eu.pydantic.dev:443
2025-06-01 18:48:05,080 DEBUG [app] SQLALCHEMY_DATABASE_URL: postgresql://aiph-zeta-user:aiph-zeta-password@localhost:5432/aiph-zeta-development
2025-06-01 18:48:05,103 DEBUG [app] SQLAlchemy engine created: Engine(postgresql://aiph-zeta-user:***@localhost:5432/aiph-zeta-development)
2025-06-01 18:48:05,125 DEBUG [app] Logfire SQLAlchemy instrumentation enabled.
2025-06-01 18:48:05,128 DEBUG [app] Logfire psycopg instrumentation enabled.
2025-06-01 18:48:05,128 DEBUG [app] SessionLocal configured: sessionmaker(class_='Session', autocommit=False, bind=Engine(postgresql://aiph-zeta-user:***@localhost:5432/aiph-zeta-development), autoflush=False, expire_on_commit=True)
2025-06-01 18:48:05,166 DEBUG [urllib3.connectionpool] https://logfire-eu.pydantic.dev:443 "POST /v1/traces HTTP/1.1" 200 0
2025-06-01 18:48:05,217 DEBUG [urllib3.connectionpool] https://logfire-eu.pydantic.dev:443 "POST /v1/traces HTTP/1.1" 200 0
2025-06-01 18:48:16,158 DEBUG [urllib3.connectionpool] https://logfire-eu.pydantic.dev:443 "GET /v1/info HTTP/1.1" 200 None
2025-06-01 18:48:16,252 DEBUG [urllib3.connectionpool] Starting new HTTPS connection (1): logfire-eu.pydantic.dev:443
2025-06-01 18:48:16,364 DEBUG [urllib3.connectionpool] https://logfire-eu.pydantic.dev:443 "POST /v1/traces HTTP/1.1" 200 0
2025-06-01 18:48:29,083 DEBUG [urllib3.connectionpool] https://logfire-eu.pydantic.dev:443 "GET /v1/info HTTP/1.1" 200 None
2025-06-01 18:48:29,169 DEBUG [urllib3.connectionpool] Starting new HTTPS connection (1): logfire-eu.pydantic.dev:443
2025-06-01 18:48:29,321 DEBUG [urllib3.connectionpool] https://logfire-eu.pydantic.dev:443 "POST /v1/traces HTTP/1.1" 200 0
2025-06-01 18:48:47,619 DEBUG [app] Creating new database session.
2025-06-01 18:48:47,622 DEBUG [app] GET /users/ - Fetching users with skip=0, limit=100
2025-06-01 18:48:47,622 DEBUG [__name__] Fetching users with skip=0, limit=100
2025-06-01 18:48:47,637 DEBUG [__name__] Fetched users: [<app.models.user.User object at 0x7f652f1bef30>]
2025-06-01 18:48:47,637 DEBUG [app] GET /users/ - Fetched users: [<app.models.user.User object at 0x7f652f1bef30>]
2025-06-01 18:48:47,640 DEBUG [app] Closing database session.
2025-06-01 18:48:47,831 DEBUG [urllib3.connectionpool] https://logfire-eu.pydantic.dev:443 "POST /v1/traces HTTP/1.1" 200 0
2025-06-01 18:49:29,027 DEBUG [urllib3.connectionpool] https://logfire-eu.pydantic.dev:443 "POST /v1/metrics HTTP/1.1" 200 2
2025-06-01 18:49:50,671 WARNING [opentelemetry.instrumentation.instrumentor] Attempting to instrument while already instrumented
2025-06-01 18:49:50,672 WARNING [opentelemetry.instrumentation.instrumentor] Attempting to instrument while already instrumented
2025-06-01 18:49:50,769 DEBUG [urllib3.connectionpool] Starting new HTTPS connection (1): logfire-eu.pydantic.dev:443
2025-06-01 18:49:50,780 DEBUG [urllib3.connectionpool] https://logfire-eu.pydantic.dev:443 "GET /v1/info HTTP/1.1" 200 None
2025-06-01 18:49:50,889 DEBUG [urllib3.connectionpool] https://logfire-eu.pydantic.dev:443 "POST /v1/traces HTTP/1.1" 200 0
2025-06-01 18:49:50,945 DEBUG [urllib3.connectionpool] https://logfire-eu.pydantic.dev:443 "POST /v1/traces HTTP/1.1" 200 0
2025-06-01 18:50:00,216 DEBUG [urllib3.connectionpool] https://logfire-eu.pydantic.dev:443 "GET /v1/info HTTP/1.1" 200 None
2025-06-01 18:50:00,273 DEBUG [urllib3.connectionpool] Starting new HTTPS connection (1): logfire-eu.pydantic.dev:443
2025-06-01 18:50:00,397 DEBUG [urllib3.connectionpool] https://logfire-eu.pydantic.dev:443 "POST /v1/traces HTTP/1.1" 200 0
2025-06-01 18:50:10,248 DEBUG [urllib3.connectionpool] https://logfire-eu.pydantic.dev:443 "GET /v1/info HTTP/1.1" 200 None
2025-06-01 18:50:10,336 DEBUG [urllib3.connectionpool] Starting new HTTPS connection (1): logfire-eu.pydantic.dev:443
2025-06-01 18:50:10,444 DEBUG [urllib3.connectionpool] https://logfire-eu.pydantic.dev:443 "POST /v1/traces HTTP/1.1" 200 0
2025-06-01 18:50:11,436 DEBUG [urllib3.connectionpool] https://logfire-eu.pydantic.dev:443 "GET /v1/info HTTP/1.1" 200 None
2025-06-01 18:50:11,507 DEBUG [urllib3.connectionpool] Starting new HTTPS connection (1): logfire-eu.pydantic.dev:443
2025-06-01 18:50:11,627 DEBUG [urllib3.connectionpool] https://logfire-eu.pydantic.dev:443 "POST /v1/traces HTTP/1.1" 200 0
2025-06-01 18:50:18,865 DEBUG [app] Creating new database session.
2025-06-01 18:50:18,867 DEBUG [app] GET /users/ - Fetching users with skip=0, limit=100
2025-06-01 18:50:18,867 DEBUG [__name__] Fetching users with skip=0, limit=100
2025-06-01 18:50:18,882 DEBUG [__name__] Fetched users: [<app.models.user.User object at 0x7ad832971c70>]
2025-06-01 18:50:18,882 DEBUG [app] GET /users/ - Fetched users: [<app.models.user.User object at 0x7ad832971c70>]
2025-06-01 18:50:18,885 DEBUG [app] Closing database session.
2025-06-01 18:50:19,001 DEBUG [urllib3.connectionpool] https://logfire-eu.pydantic.dev:443 "POST /v1/traces HTTP/1.1" 200 0
2025-06-01 18:50:24,370 DEBUG [urllib3.connectionpool] https://logfire-eu.pydantic.dev:443 "GET /v1/info HTTP/1.1" 200 None
2025-06-01 18:50:24,440 DEBUG [urllib3.connectionpool] Starting new HTTPS connection (1): logfire-eu.pydantic.dev:443
2025-06-01 18:50:24,551 DEBUG [urllib3.connectionpool] https://logfire-eu.pydantic.dev:443 "POST /v1/traces HTTP/1.1" 200 0
2025-06-01 18:50:27,965 DEBUG [app] Creating new database session.
2025-06-01 18:50:27,967 DEBUG [app] GET /users/ - Fetching users with skip=0, limit=100
2025-06-01 18:50:27,967 DEBUG [__name__] Fetching users with skip=0, limit=100
2025-06-01 18:50:27,982 DEBUG [__name__] Fetched users: [<app.models.user.User object at 0x74ec2b1babd0>]
2025-06-01 18:50:27,982 DEBUG [app] GET /users/ - Fetched users: [<app.models.user.User object at 0x74ec2b1babd0>]
2025-06-01 18:50:27,985 DEBUG [app] Closing database session.
2025-06-01 18:50:28,020 DEBUG [urllib3.connectionpool] https://logfire-eu.pydantic.dev:443 "POST /v1/traces HTTP/1.1" 200 0
2025-06-01 18:50:28,522 DEBUG [urllib3.connectionpool] https://logfire-eu.pydantic.dev:443 "POST /v1/traces HTTP/1.1" 200 0
2025-06-01 18:51:24,327 DEBUG [urllib3.connectionpool] https://logfire-eu.pydantic.dev:443 "POST /v1/metrics HTTP/1.1" 200 2
2025-06-01 18:52:24,434 DEBUG [urllib3.connectionpool] https://logfire-eu.pydantic.dev:443 "POST /v1/metrics HTTP/1.1" 200 2
2025-06-01 18:52:38,417 DEBUG [urllib3.connectionpool] https://logfire-eu.pydantic.dev:443 "GET /v1/info HTTP/1.1" 200 None
2025-06-01 18:52:38,461 DEBUG [urllib3.connectionpool] Starting new HTTPS connection (1): logfire-eu.pydantic.dev:443
2025-06-01 18:52:38,577 DEBUG [urllib3.connectionpool] https://logfire-eu.pydantic.dev:443 "POST /v1/traces HTTP/1.1" 200 0
2025-06-01 18:52:42,371 DEBUG [app] Creating new database session.
2025-06-01 18:52:42,373 DEBUG [app] GET /users/ - Fetching users with skip=0, limit=100
2025-06-01 18:52:42,373 DEBUG [__name__] Fetching users with skip=0, limit=100
2025-06-01 18:52:42,389 DEBUG [__name__] Fetched users: [<app.models.user.User object at 0x76f12e9bf410>]
2025-06-01 18:52:42,389 DEBUG [app] GET /users/ - Fetched users: [<app.models.user.User object at 0x76f12e9bf410>]
2025-06-01 18:52:42,393 DEBUG [app] Closing database session.
2025-06-01 18:52:42,445 DEBUG [urllib3.connectionpool] https://logfire-eu.pydantic.dev:443 "POST /v1/traces HTTP/1.1" 200 0
2025-06-01 18:52:42,944 DEBUG [urllib3.connectionpool] https://logfire-eu.pydantic.dev:443 "POST /v1/traces HTTP/1.1" 200 0
2025-06-01 18:53:38,328 DEBUG [urllib3.connectionpool] https://logfire-eu.pydantic.dev:443 "POST /v1/metrics HTTP/1.1" 200 2
2025-06-01 18:54:38,395 DEBUG [urllib3.connectionpool] https://logfire-eu.pydantic.dev:443 "POST /v1/metrics HTTP/1.1" 200 2
2025-06-01 18:55:38,647 DEBUG [urllib3.connectionpool] https://logfire-eu.pydantic.dev:443 "GET /v1/info HTTP/1.1" 200 None
2025-06-01 18:55:38,712 DEBUG [urllib3.connectionpool] Starting new HTTPS connection (1): logfire-eu.pydantic.dev:443
2025-06-01 18:55:38,823 DEBUG [urllib3.connectionpool] https://logfire-eu.pydantic.dev:443 "POST /v1/traces HTTP/1.1" 200 0
2025-06-01 18:55:43,342 DEBUG [app] Creating new database session.
2025-06-01 18:55:43,344 DEBUG [app] GET /users/ - Fetching users with skip=0, limit=100
2025-06-01 18:55:43,344 DEBUG [__name__] Fetching users with skip=0, limit=100
2025-06-01 18:55:43,359 DEBUG [__name__] Fetched users: [<app.models.user.User object at 0x7dd767bb6cc0>]
2025-06-01 18:55:43,359 DEBUG [app] GET /users/ - Fetched users: [<app.models.user.User object at 0x7dd767bb6cc0>]
2025-06-01 18:55:43,362 DEBUG [app] Closing database session.
2025-06-01 18:55:43,386 DEBUG [urllib3.connectionpool] https://logfire-eu.pydantic.dev:443 "POST /v1/traces HTTP/1.1" 200 0
2025-06-01 18:55:43,890 DEBUG [urllib3.connectionpool] https://logfire-eu.pydantic.dev:443 "POST /v1/traces HTTP/1.1" 200 0
2025-06-01 18:56:34,280 DEBUG [urllib3.connectionpool] https://logfire-eu.pydantic.dev:443 "GET /v1/info HTTP/1.1" 200 None
2025-06-01 18:56:34,368 DEBUG [urllib3.connectionpool] Starting new HTTPS connection (1): logfire-eu.pydantic.dev:443
2025-06-01 18:56:34,492 DEBUG [urllib3.connectionpool] https://logfire-eu.pydantic.dev:443 "POST /v1/traces HTTP/1.1" 200 0
2025-06-01 18:56:35,788 DEBUG [urllib3.connectionpool] https://logfire-eu.pydantic.dev:443 "GET /v1/info HTTP/1.1" 200 None
2025-06-01 18:56:35,859 DEBUG [urllib3.connectionpool] Starting new HTTPS connection (1): logfire-eu.pydantic.dev:443
2025-06-01 18:56:35,979 DEBUG [urllib3.connectionpool] https://logfire-eu.pydantic.dev:443 "POST /v1/traces HTTP/1.1" 200 0
2025-06-01 18:57:05,876 DEBUG [urllib3.connectionpool] https://logfire-eu.pydantic.dev:443 "GET /v1/info HTTP/1.1" 200 None
2025-06-01 18:57:05,931 DEBUG [urllib3.connectionpool] Starting new HTTPS connection (1): logfire-eu.pydantic.dev:443
2025-06-01 18:57:06,053 DEBUG [urllib3.connectionpool] https://logfire-eu.pydantic.dev:443 "POST /v1/traces HTTP/1.1" 200 0
2025-06-01 18:57:16,984 DEBUG [urllib3.connectionpool] https://logfire-eu.pydantic.dev:443 "GET /v1/info HTTP/1.1" 200 None
2025-06-01 18:57:17,056 DEBUG [urllib3.connectionpool] Starting new HTTPS connection (1): logfire-eu.pydantic.dev:443
2025-06-01 18:57:17,165 DEBUG [urllib3.connectionpool] https://logfire-eu.pydantic.dev:443 "POST /v1/traces HTTP/1.1" 200 0
2025-06-01 18:57:33,898 DEBUG [urllib3.connectionpool] https://logfire-eu.pydantic.dev:443 "GET /v1/info HTTP/1.1" 200 None
2025-06-01 18:57:33,980 DEBUG [urllib3.connectionpool] Starting new HTTPS connection (1): logfire-eu.pydantic.dev:443
2025-06-01 18:57:34,103 DEBUG [urllib3.connectionpool] https://logfire-eu.pydantic.dev:443 "POST /v1/traces HTTP/1.1" 200 0
2025-06-01 18:57:36,479 DEBUG [urllib3.connectionpool] https://logfire-eu.pydantic.dev:443 "GET /v1/info HTTP/1.1" 200 None
2025-06-01 18:57:36,552 DEBUG [urllib3.connectionpool] Starting new HTTPS connection (1): logfire-eu.pydantic.dev:443
2025-06-01 18:57:36,668 DEBUG [urllib3.connectionpool] https://logfire-eu.pydantic.dev:443 "POST /v1/traces HTTP/1.1" 200 0
2025-06-01 18:57:53,089 DEBUG [urllib3.connectionpool] https://logfire-eu.pydantic.dev:443 "GET /v1/info HTTP/1.1" 200 None
2025-06-01 18:57:53,140 DEBUG [urllib3.connectionpool] Starting new HTTPS connection (1): logfire-eu.pydantic.dev:443
2025-06-01 18:57:53,256 DEBUG [urllib3.connectionpool] https://logfire-eu.pydantic.dev:443 "POST /v1/traces HTTP/1.1" 200 0
2025-06-01 18:57:59,138 DEBUG [urllib3.connectionpool] https://logfire-eu.pydantic.dev:443 "GET /v1/info HTTP/1.1" 200 None
2025-06-01 18:57:59,205 DEBUG [urllib3.connectionpool] Starting new HTTPS connection (1): logfire-eu.pydantic.dev:443
2025-06-01 18:57:59,317 DEBUG [urllib3.connectionpool] https://logfire-eu.pydantic.dev:443 "POST /v1/traces HTTP/1.1" 200 0
2025-06-01 18:58:07,791 DEBUG [urllib3.connectionpool] https://logfire-eu.pydantic.dev:443 "GET /v1/info HTTP/1.1" 200 None
2025-06-01 18:58:07,875 DEBUG [urllib3.connectionpool] Starting new HTTPS connection (1): logfire-eu.pydantic.dev:443
2025-06-01 18:58:07,993 DEBUG [urllib3.connectionpool] https://logfire-eu.pydantic.dev:443 "POST /v1/traces HTTP/1.1" 200 0
2025-06-01 18:58:10,069 DEBUG [urllib3.connectionpool] https://logfire-eu.pydantic.dev:443 "GET /v1/info HTTP/1.1" 200 None
2025-06-01 18:58:10,149 DEBUG [urllib3.connectionpool] Starting new HTTPS connection (1): logfire-eu.pydantic.dev:443
2025-06-01 18:58:10,257 DEBUG [urllib3.connectionpool] https://logfire-eu.pydantic.dev:443 "POST /v1/traces HTTP/1.1" 200 0
2025-06-01 18:58:25,165 DEBUG [urllib3.connectionpool] https://logfire-eu.pydantic.dev:443 "GET /v1/info HTTP/1.1" 200 None
2025-06-01 18:58:25,256 DEBUG [urllib3.connectionpool] Starting new HTTPS connection (1): logfire-eu.pydantic.dev:443
2025-06-01 18:58:25,378 DEBUG [urllib3.connectionpool] https://logfire-eu.pydantic.dev:443 "POST /v1/traces HTTP/1.1" 200 0
2025-06-01 18:58:33,900 DEBUG [urllib3.connectionpool] https://logfire-eu.pydantic.dev:443 "GET /v1/info HTTP/1.1" 200 None
2025-06-01 18:58:33,993 DEBUG [urllib3.connectionpool] Starting new HTTPS connection (1): logfire-eu.pydantic.dev:443
2025-06-01 18:58:34,112 DEBUG [urllib3.connectionpool] https://logfire-eu.pydantic.dev:443 "POST /v1/traces HTTP/1.1" 200 0
2025-06-01 18:58:40,390 DEBUG [urllib3.connectionpool] https://logfire-eu.pydantic.dev:443 "GET /v1/info HTTP/1.1" 200 None
2025-06-01 18:58:40,459 DEBUG [urllib3.connectionpool] Starting new HTTPS connection (1): logfire-eu.pydantic.dev:443
2025-06-01 18:58:40,568 DEBUG [urllib3.connectionpool] https://logfire-eu.pydantic.dev:443 "POST /v1/traces HTTP/1.1" 200 0
2025-06-01 18:58:43,730 DEBUG [app.db.database] Creating new database session.
2025-06-01 18:58:43,731 DEBUG [app.api.v1.user] GET /users/ - Fetching users with skip=0, limit=100
2025-06-01 18:58:43,732 DEBUG [__name__] Fetching users with skip=0, limit=100
2025-06-01 18:58:43,746 DEBUG [__name__] Fetched users: [<app.models.user.User object at 0x77d519fd29c0>]
2025-06-01 18:58:43,746 DEBUG [app.api.v1.user] GET /users/ - Fetched users: [<app.models.user.User object at 0x77d519fd29c0>]
2025-06-01 18:58:43,749 DEBUG [app.db.database] Closing database session.
2025-06-01 18:58:43,837 DEBUG [urllib3.connectionpool] https://logfire-eu.pydantic.dev:443 "POST /v1/traces HTTP/1.1" 200 0
2025-06-01 18:59:40,336 DEBUG [urllib3.connectionpool] https://logfire-eu.pydantic.dev:443 "POST /v1/metrics HTTP/1.1" 200 2
2025-06-01 19:00:40,407 DEBUG [urllib3.connectionpool] https://logfire-eu.pydantic.dev:443 "POST /v1/metrics HTTP/1.1" 200 2
2025-06-01 19:01:40,481 DEBUG [urllib3.connectionpool] https://logfire-eu.pydantic.dev:443 "POST /v1/metrics HTTP/1.1" 200 2
2025-06-01 19:02:40,573 DEBUG [urllib3.connectionpool] https://logfire-eu.pydantic.dev:443 "POST /v1/metrics HTTP/1.1" 200 2
2025-06-01 19:03:40,651 DEBUG [urllib3.connectionpool] https://logfire-eu.pydantic.dev:443 "POST /v1/metrics HTTP/1.1" 200 2
2025-06-01 19:04:40,717 DEBUG [urllib3.connectionpool] https://logfire-eu.pydantic.dev:443 "POST /v1/metrics HTTP/1.1" 200 2
2025-06-01 19:05:40,782 DEBUG [urllib3.connectionpool] https://logfire-eu.pydantic.dev:443 "POST /v1/metrics HTTP/1.1" 200 2
2025-06-01 19:06:40,854 DEBUG [urllib3.connectionpool] https://logfire-eu.pydantic.dev:443 "POST /v1/metrics HTTP/1.1" 200 2
2025-06-01 19:07:40,920 DEBUG [urllib3.connectionpool] https://logfire-eu.pydantic.dev:443 "POST /v1/metrics HTTP/1.1" 200 2
2025-06-01 19:08:41,039 DEBUG [urllib3.connectionpool] https://logfire-eu.pydantic.dev:443 "POST /v1/metrics HTTP/1.1" 200 2
2025-06-01 19:09:41,117 DEBUG [urllib3.connectionpool] https://logfire-eu.pydantic.dev:443 "POST /v1/metrics HTTP/1.1" 200 2
2025-06-01 19:10:41,202 DEBUG [urllib3.connectionpool] https://logfire-eu.pydantic.dev:443 "POST /v1/metrics HTTP/1.1" 200 2
2025-06-01 19:11:41,274 DEBUG [urllib3.connectionpool] https://logfire-eu.pydantic.dev:443 "POST /v1/metrics HTTP/1.1" 200 2
2025-06-01 19:12:41,343 DEBUG [urllib3.connectionpool] https://logfire-eu.pydantic.dev:443 "POST /v1/metrics HTTP/1.1" 200 2
2025-06-01 19:13:41,434 DEBUG [urllib3.connectionpool] https://logfire-eu.pydantic.dev:443 "POST /v1/metrics HTTP/1.1" 200 2
2025-06-01 19:14:41,508 DEBUG [urllib3.connectionpool] https://logfire-eu.pydantic.dev:443 "POST /v1/metrics HTTP/1.1" 200 2
2025-06-01 19:15:31,944 DEBUG [urllib3.connectionpool] https://logfire-eu.pydantic.dev:443 "GET /v1/info HTTP/1.1" 200 None
2025-06-01 19:15:31,999 DEBUG [urllib3.connectionpool] Starting new HTTPS connection (1): logfire-eu.pydantic.dev:443
2025-06-01 19:15:32,115 DEBUG [urllib3.connectionpool] https://logfire-eu.pydantic.dev:443 "POST /v1/traces HTTP/1.1" 200 0
2025-06-01 19:17:32,350 DEBUG [app.db.database] Creating new database session.
2025-06-01 19:17:32,352 DEBUG [app.api.v1.user] GET /users/ - Fetching users with skip=0, limit=100
2025-06-01 19:17:32,353 DEBUG [__name__] Fetching users with skip=0, limit=100
2025-06-01 19:17:32,369 DEBUG [__name__] Fetched users: [<app.models.user.User object at 0x7d00c61c6c30>]
2025-06-01 19:17:32,369 DEBUG [app.api.v1.user] GET /users/ - Fetched users: [<app.models.user.User object at 0x7d00c61c6c30>]
2025-06-01 19:17:32,372 DEBUG [app.db.database] Closing database session.
2025-06-01 19:17:32,504 DEBUG [urllib3.connectionpool] https://logfire-eu.pydantic.dev:443 "POST /v1/traces HTTP/1.1" 200 0
2025-06-01 19:18:31,858 DEBUG [urllib3.connectionpool] https://logfire-eu.pydantic.dev:443 "POST /v1/metrics HTTP/1.1" 200 2
2025-06-01 19:18:38,588 DEBUG [urllib3.connectionpool] https://logfire-eu.pydantic.dev:443 "GET /v1/info HTTP/1.1" 200 None
2025-06-01 19:18:38,662 DEBUG [urllib3.connectionpool] Starting new HTTPS connection (1): logfire-eu.pydantic.dev:443
2025-06-01 19:18:38,779 DEBUG [urllib3.connectionpool] https://logfire-eu.pydantic.dev:443 "POST /v1/traces HTTP/1.1" 200 0
2025-06-01 19:18:54,252 DEBUG [urllib3.connectionpool] https://logfire-eu.pydantic.dev:443 "GET /v1/info HTTP/1.1" 200 None
2025-06-01 19:18:54,318 DEBUG [urllib3.connectionpool] Starting new HTTPS connection (1): logfire-eu.pydantic.dev:443
2025-06-01 19:18:54,431 DEBUG [urllib3.connectionpool] https://logfire-eu.pydantic.dev:443 "POST /v1/traces HTTP/1.1" 200 0
2025-06-01 19:19:06,840 DEBUG [app.db.database] Creating new database session.
2025-06-01 19:19:06,842 DEBUG [app.api.v1.user] GET /users/ - Fetching users with skip=0, limit=100
2025-06-01 19:19:06,842 DEBUG [__name__] Fetching users with skip=0, limit=100
2025-06-01 19:19:06,857 DEBUG [__name__] Fetched users: [<app.models.user.User object at 0x792e9ebc6ea0>]
2025-06-01 19:19:06,857 DEBUG [app.api.v1.user] GET /users/ - Fetched users: [<app.models.user.User object at 0x792e9ebc6ea0>]
2025-06-01 19:19:06,860 DEBUG [app.db.database] Closing database session.
2025-06-01 19:19:06,899 DEBUG [urllib3.connectionpool] https://logfire-eu.pydantic.dev:443 "POST /v1/traces HTTP/1.1" 200 0
2025-06-01 19:19:07,403 DEBUG [urllib3.connectionpool] https://logfire-eu.pydantic.dev:443 "POST /v1/traces HTTP/1.1" 200 0
2025-06-01 19:19:54,190 DEBUG [urllib3.connectionpool] https://logfire-eu.pydantic.dev:443 "POST /v1/metrics HTTP/1.1" 200 2
2025-06-01 19:20:54,276 DEBUG [urllib3.connectionpool] https://logfire-eu.pydantic.dev:443 "POST /v1/metrics HTTP/1.1" 200 2
2025-06-01 19:21:54,344 DEBUG [urllib3.connectionpool] https://logfire-eu.pydantic.dev:443 "POST /v1/metrics HTTP/1.1" 200 2
2025-06-01 19:22:54,423 DEBUG [urllib3.connectionpool] https://logfire-eu.pydantic.dev:443 "POST /v1/metrics HTTP/1.1" 200 2
2025-06-01 19:23:54,492 DEBUG [urllib3.connectionpool] https://logfire-eu.pydantic.dev:443 "POST /v1/metrics HTTP/1.1" 200 2
2025-06-01 19:24:54,580 DEBUG [urllib3.connectionpool] https://logfire-eu.pydantic.dev:443 "POST /v1/metrics HTTP/1.1" 200 2
2025-06-01 19:25:54,648 DEBUG [urllib3.connectionpool] https://logfire-eu.pydantic.dev:443 "POST /v1/metrics HTTP/1.1" 200 2
2025-06-01 19:26:54,716 DEBUG [urllib3.connectionpool] https://logfire-eu.pydantic.dev:443 "POST /v1/metrics HTTP/1.1" 200 2
2025-06-01 19:27:38,881 INFO     [uvicorn.error] Will watch for changes in these directories: ['/home/radekzitek/Code/fshub-online/aiph-zeta/backend']
2025-06-01 19:27:38,881 INFO     [uvicorn.error] Uvicorn running on http://127.0.0.1:8000 (Press CTRL+C to quit)
2025-06-01 19:27:38,882 INFO     [uvicorn.error] Started reloader process [426159] using StatReload
2025-06-01 19:27:39,080 DEBUG    [asyncio] Using selector: EpollSelector
2025-06-01 19:27:39,334 DEBUG    [app.db.database] SQLALCHEMY_DATABASE_URL: postgresql://aiph-zeta-user:aiph-zeta-password@localhost:5432/aiph-zeta-development
2025-06-01 19:27:39,354 DEBUG    [app.db.database] SQLAlchemy engine created: Engine(postgresql://aiph-zeta-user:***@localhost:5432/aiph-zeta-development)
2025-06-01 19:27:39,354 DEBUG    [app.db.database] SessionLocal configured: sessionmaker(class_='Session', autocommit=False, bind=Engine(postgresql://aiph-zeta-user:***@localhost:5432/aiph-zeta-development), autoflush=False, expire_on_commit=True)
2025-06-01 19:27:39,361 DEBUG    [urllib3.connectionpool] Starting new HTTPS connection (1): logfire-eu.pydantic.dev:443
2025-06-01 19:27:39,383 INFO     [uvicorn.error] Started server process [426173]
2025-06-01 19:27:39,383 INFO     [uvicorn.error] Waiting for application startup.
2025-06-01 19:27:39,384 INFO     [uvicorn.error] Application startup complete.
2025-06-01 19:27:39,465 DEBUG    [urllib3.connectionpool] Starting new HTTPS connection (1): logfire-eu.pydantic.dev:443
2025-06-01 19:27:39,513 DEBUG    [urllib3.connectionpool] https://logfire-eu.pydantic.dev:443 "GET /v1/info HTTP/1.1" 200 None
2025-06-01 19:27:39,582 DEBUG    [urllib3.connectionpool] https://logfire-eu.pydantic.dev:443 "POST /v1/traces HTTP/1.1" 200 0
2025-06-01 19:27:39,635 DEBUG    [urllib3.connectionpool] https://logfire-eu.pydantic.dev:443 "POST /v1/traces HTTP/1.1" 200 0
2025-06-01 19:28:10,889 DEBUG    [app.db.database] Creating new database session.
2025-06-01 19:28:10,891 DEBUG    [app.api.v1.user] GET /users/ - Fetching users with skip=0, limit=100
2025-06-01 19:28:10,891 DEBUG    [__name__] Fetching users with skip=0, limit=100
2025-06-01 19:28:10,905 DEBUG    [__name__] Fetched users: [<app.models.user.User object at 0x7741655badb0>]
2025-06-01 19:28:10,906 DEBUG    [app.api.v1.user] GET /users/ - Fetched users: [<app.models.user.User object at 0x7741655badb0>]
2025-06-01 19:28:10,909 DEBUG    [app.db.database] Closing database session.
2025-06-01 19:28:10,910 INFO     [uvicorn.access] 127.0.0.1:45146 - "GET /users/?skip=0&limit=100 HTTP/1.1" 200
2025-06-01 19:28:10,990 DEBUG    [urllib3.connectionpool] https://logfire-eu.pydantic.dev:443 "POST /v1/traces HTTP/1.1" 200 0
2025-06-01 19:28:39,419 DEBUG    [urllib3.connectionpool] https://logfire-eu.pydantic.dev:443 "POST /v1/metrics HTTP/1.1" 200 2
2025-06-01 19:29:39,481 DEBUG    [urllib3.connectionpool] https://logfire-eu.pydantic.dev:443 "POST /v1/metrics HTTP/1.1" 200 2
2025-06-01 19:30:39,544 DEBUG    [urllib3.connectionpool] https://logfire-eu.pydantic.dev:443 "POST /v1/metrics HTTP/1.1" 200 2
2025-06-01 19:31:38,236 INFO     [uvicorn.error] Shutting down
2025-06-01 19:31:38,339 INFO     [uvicorn.error] Waiting for application shutdown.
2025-06-01 19:31:38,342 INFO     [uvicorn.error] Application shutdown complete.
2025-06-01 19:31:38,343 INFO     [uvicorn.error] Finished server process [426173]
2025-06-01 19:31:38,361 INFO     [uvicorn.error] Stopping reloader process [426159]
2025-06-01 20:20:51,786 DEBUG    [urllib3.connectionpool] https://logfire-eu.pydantic.dev:443 "GET /v1/info HTTP/1.1" 200 None
2025-06-01 20:20:51,872 DEBUG    [urllib3.connectionpool] Starting new HTTPS connection (1): logfire-eu.pydantic.dev:443
2025-06-01 20:20:51,985 DEBUG    [urllib3.connectionpool] https://logfire-eu.pydantic.dev:443 "POST /v1/traces HTTP/1.1" 200 0
2025-06-01 20:20:54,242 DEBUG    [urllib3.connectionpool] https://logfire-eu.pydantic.dev:443 "POST /v1/traces HTTP/1.1" 200 0
2025-06-01 20:20:59,454 DEBUG    [urllib3.connectionpool] https://logfire-eu.pydantic.dev:443 "POST /v1/traces HTTP/1.1" 200 0
2025-06-01 20:20:59,952 DEBUG    [urllib3.connectionpool] https://logfire-eu.pydantic.dev:443 "POST /v1/traces HTTP/1.1" 200 0
2025-06-01 20:21:06,008 DEBUG    [app.db.database] Creating new database session.
2025-06-01 20:21:06,009 DEBUG    [app.api.v1.user] GET /users/ - Fetching users with skip=0, limit=100
2025-06-01 20:21:06,010 DEBUG    [__name__] Fetching users with skip=0, limit=100
2025-06-01 20:21:06,033 DEBUG    [app.db.database] Closing database session.
2025-06-01 20:21:06,459 DEBUG    [urllib3.connectionpool] https://logfire-eu.pydantic.dev:443 "POST /v1/traces HTTP/1.1" 200 0
2025-06-01 20:21:23,203 DEBUG    [urllib3.connectionpool] https://logfire-eu.pydantic.dev:443 "GET /v1/info HTTP/1.1" 200 None
2025-06-01 20:21:23,281 DEBUG    [urllib3.connectionpool] Starting new HTTPS connection (1): logfire-eu.pydantic.dev:443
2025-06-01 20:21:23,394 DEBUG    [urllib3.connectionpool] https://logfire-eu.pydantic.dev:443 "POST /v1/traces HTTP/1.1" 200 0
2025-06-01 20:21:26,459 DEBUG    [app.db.database] Creating new database session.
2025-06-01 20:21:26,461 DEBUG    [app.api.v1.user] GET /users/ - Fetching users with skip=0, limit=100
2025-06-01 20:21:26,461 DEBUG    [__name__] Fetching users with skip=0, limit=100
2025-06-01 20:21:26,475 DEBUG    [__name__] Fetched users: []
2025-06-01 20:21:26,475 DEBUG    [app.api.v1.user] GET /users/ - Fetched users: []
2025-06-01 20:21:26,476 DEBUG    [app.db.database] Closing database session.
2025-06-01 20:21:26,552 DEBUG    [urllib3.connectionpool] https://logfire-eu.pydantic.dev:443 "POST /v1/traces HTTP/1.1" 200 0
2025-06-01 20:22:15,650 DEBUG    [app.db.database] Creating new database session.
2025-06-01 20:22:15,657 DEBUG    [app.api.v1.user] POST /users/ - Creating user with data: {'username': 'rzitek', 'email': 'radek.zitek@proton.me', 'first_name': 'Radek', 'last_name': 'Zítek', 'is_active': True, 'is_superuser': True, 'password': 'user1234'}
2025-06-01 20:22:15,657 DEBUG    [__name__] Creating user: {'username': 'rzitek', 'email': 'radek.zitek@proton.me', 'first_name': 'Radek', 'last_name': 'Zítek', 'is_active': True, 'is_superuser': True, 'password': 'user1234'}
2025-06-01 20:22:15,667 DEBUG    [__name__] User created successfully: <app.models.user.User object at 0x71e861fdbc50>
2025-06-01 20:22:15,667 DEBUG    [app.api.v1.user] POST /users/ - Created user: <app.models.user.User object at 0x71e861fdbc50>
2025-06-01 20:22:15,668 DEBUG    [app.db.database] Closing database session.
2025-06-01 20:22:16,075 DEBUG    [urllib3.connectionpool] https://logfire-eu.pydantic.dev:443 "POST /v1/traces HTTP/1.1" 200 0
2025-06-01 20:22:20,562 DEBUG    [app.db.database] Creating new database session.
2025-06-01 20:22:20,563 DEBUG    [app.api.v1.user] GET /users/ - Fetching users with skip=0, limit=100
2025-06-01 20:22:20,563 DEBUG    [__name__] Fetching users with skip=0, limit=100
2025-06-01 20:22:20,565 DEBUG    [__name__] Fetched users: [<app.models.user.User object at 0x71e86138c8c0>]
2025-06-01 20:22:20,566 DEBUG    [app.api.v1.user] GET /users/ - Fetched users: [<app.models.user.User object at 0x71e86138c8c0>]
2025-06-01 20:22:20,566 DEBUG    [app.db.database] Closing database session.
2025-06-01 20:22:21,083 DEBUG    [urllib3.connectionpool] https://logfire-eu.pydantic.dev:443 "POST /v1/traces HTTP/1.1" 200 0
2025-06-01 20:22:23,155 DEBUG    [urllib3.connectionpool] https://logfire-eu.pydantic.dev:443 "POST /v1/metrics HTTP/1.1" 200 2
2025-06-01 20:23:20,712 DEBUG    [app.db.database] Creating new database session.
2025-06-01 20:23:20,713 DEBUG    [app.api.v1.user] GET /users/ - Fetching users with skip=0, limit=100
2025-06-01 20:23:20,714 DEBUG    [__name__] Fetching users with skip=0, limit=100
2025-06-01 20:23:20,716 DEBUG    [__name__] Fetched users: [<app.models.user.User object at 0x71e8617bf6b0>]
2025-06-01 20:23:20,716 DEBUG    [app.api.v1.user] GET /users/ - Fetched users: [<app.models.user.User object at 0x71e8617bf6b0>]
2025-06-01 20:23:20,717 DEBUG    [app.db.database] Closing database session.
2025-06-01 20:23:21,107 DEBUG    [urllib3.connectionpool] https://logfire-eu.pydantic.dev:443 "POST /v1/traces HTTP/1.1" 200 0
2025-06-01 20:23:23,217 DEBUG    [urllib3.connectionpool] https://logfire-eu.pydantic.dev:443 "POST /v1/metrics HTTP/1.1" 200 2
2025-06-01 20:24:23,307 DEBUG    [urllib3.connectionpool] https://logfire-eu.pydantic.dev:443 "POST /v1/metrics HTTP/1.1" 200 2
2025-06-01 20:25:23,380 DEBUG    [urllib3.connectionpool] https://logfire-eu.pydantic.dev:443 "POST /v1/metrics HTTP/1.1" 200 2
2025-06-01 20:26:23,447 DEBUG    [urllib3.connectionpool] https://logfire-eu.pydantic.dev:443 "POST /v1/metrics HTTP/1.1" 200 2
2025-06-01 20:27:23,518 DEBUG    [urllib3.connectionpool] https://logfire-eu.pydantic.dev:443 "POST /v1/metrics HTTP/1.1" 200 2
2025-06-01 20:28:23,601 DEBUG    [urllib3.connectionpool] https://logfire-eu.pydantic.dev:443 "POST /v1/metrics HTTP/1.1" 200 2
2025-06-01 20:29:23,666 DEBUG    [urllib3.connectionpool] https://logfire-eu.pydantic.dev:443 "POST /v1/metrics HTTP/1.1" 200 2
2025-06-01 20:30:23,737 DEBUG    [urllib3.connectionpool] https://logfire-eu.pydantic.dev:443 "POST /v1/metrics HTTP/1.1" 200 2
2025-06-01 20:31:23,815 DEBUG    [urllib3.connectionpool] https://logfire-eu.pydantic.dev:443 "POST /v1/metrics HTTP/1.1" 200 2
2025-06-01 20:32:23,897 DEBUG    [urllib3.connectionpool] https://logfire-eu.pydantic.dev:443 "POST /v1/metrics HTTP/1.1" 200 2
2025-06-01 20:33:23,964 DEBUG    [urllib3.connectionpool] https://logfire-eu.pydantic.dev:443 "POST /v1/metrics HTTP/1.1" 200 2
2025-06-01 20:34:24,036 DEBUG    [urllib3.connectionpool] https://logfire-eu.pydantic.dev:443 "POST /v1/metrics HTTP/1.1" 200 2
2025-06-01 20:35:24,100 DEBUG    [urllib3.connectionpool] https://logfire-eu.pydantic.dev:443 "POST /v1/metrics HTTP/1.1" 200 2
2025-06-01 20:36:24,160 DEBUG    [urllib3.connectionpool] https://logfire-eu.pydantic.dev:443 "POST /v1/metrics HTTP/1.1" 200 2
2025-06-01 20:37:24,227 DEBUG    [urllib3.connectionpool] https://logfire-eu.pydantic.dev:443 "POST /v1/metrics HTTP/1.1" 200 2
2025-06-01 20:38:24,293 DEBUG    [urllib3.connectionpool] https://logfire-eu.pydantic.dev:443 "POST /v1/metrics HTTP/1.1" 200 2
2025-06-01 20:39:24,359 DEBUG    [urllib3.connectionpool] https://logfire-eu.pydantic.dev:443 "POST /v1/metrics HTTP/1.1" 200 2
2025-06-01 20:40:24,420 DEBUG    [urllib3.connectionpool] https://logfire-eu.pydantic.dev:443 "POST /v1/metrics HTTP/1.1" 200 2
2025-06-01 20:41:24,497 DEBUG    [urllib3.connectionpool] https://logfire-eu.pydantic.dev:443 "POST /v1/metrics HTTP/1.1" 200 2
2025-06-01 20:42:24,572 DEBUG    [urllib3.connectionpool] https://logfire-eu.pydantic.dev:443 "POST /v1/metrics HTTP/1.1" 200 2
2025-06-01 20:43:24,643 DEBUG    [urllib3.connectionpool] https://logfire-eu.pydantic.dev:443 "POST /v1/metrics HTTP/1.1" 200 2
2025-06-01 20:44:24,711 DEBUG    [urllib3.connectionpool] https://logfire-eu.pydantic.dev:443 "POST /v1/metrics HTTP/1.1" 200 2
2025-06-01 20:45:24,774 DEBUG    [urllib3.connectionpool] https://logfire-eu.pydantic.dev:443 "POST /v1/metrics HTTP/1.1" 200 2
2025-06-01 20:46:24,839 DEBUG    [urllib3.connectionpool] https://logfire-eu.pydantic.dev:443 "POST /v1/metrics HTTP/1.1" 200 2
2025-06-01 20:47:24,916 DEBUG    [urllib3.connectionpool] https://logfire-eu.pydantic.dev:443 "POST /v1/metrics HTTP/1.1" 200 2
2025-06-01 20:48:24,983 DEBUG    [urllib3.connectionpool] https://logfire-eu.pydantic.dev:443 "POST /v1/metrics HTTP/1.1" 200 2
2025-06-01 20:49:25,045 DEBUG    [urllib3.connectionpool] https://logfire-eu.pydantic.dev:443 "POST /v1/metrics HTTP/1.1" 200 2
2025-06-01 20:50:25,110 DEBUG    [urllib3.connectionpool] https://logfire-eu.pydantic.dev:443 "POST /v1/metrics HTTP/1.1" 200 2
2025-06-01 20:51:25,180 DEBUG    [urllib3.connectionpool] https://logfire-eu.pydantic.dev:443 "POST /v1/metrics HTTP/1.1" 200 2
2025-06-01 20:52:25,267 DEBUG    [urllib3.connectionpool] https://logfire-eu.pydantic.dev:443 "POST /v1/metrics HTTP/1.1" 200 2
2025-06-01 20:53:25,331 DEBUG    [urllib3.connectionpool] https://logfire-eu.pydantic.dev:443 "POST /v1/metrics HTTP/1.1" 200 2
2025-06-01 20:54:25,402 DEBUG    [urllib3.connectionpool] https://logfire-eu.pydantic.dev:443 "POST /v1/metrics HTTP/1.1" 200 2
2025-06-01 20:55:25,476 DEBUG    [urllib3.connectionpool] https://logfire-eu.pydantic.dev:443 "POST /v1/metrics HTTP/1.1" 200 2
2025-06-01 20:56:25,540 DEBUG    [urllib3.connectionpool] https://logfire-eu.pydantic.dev:443 "POST /v1/metrics HTTP/1.1" 200 2
2025-06-01 20:57:25,613 DEBUG    [urllib3.connectionpool] https://logfire-eu.pydantic.dev:443 "POST /v1/metrics HTTP/1.1" 200 2
2025-06-01 20:58:25,682 DEBUG    [urllib3.connectionpool] https://logfire-eu.pydantic.dev:443 "POST /v1/metrics HTTP/1.1" 200 2
2025-06-01 20:59:25,745 DEBUG    [urllib3.connectionpool] https://logfire-eu.pydantic.dev:443 "POST /v1/metrics HTTP/1.1" 200 2
2025-06-01 21:00:25,814 DEBUG    [urllib3.connectionpool] https://logfire-eu.pydantic.dev:443 "POST /v1/metrics HTTP/1.1" 200 2
2025-06-01 21:01:25,883 DEBUG    [urllib3.connectionpool] https://logfire-eu.pydantic.dev:443 "POST /v1/metrics HTTP/1.1" 200 2
2025-06-01 21:02:25,941 DEBUG    [urllib3.connectionpool] https://logfire-eu.pydantic.dev:443 "POST /v1/metrics HTTP/1.1" 200 2
2025-06-01 21:03:26,011 DEBUG    [urllib3.connectionpool] https://logfire-eu.pydantic.dev:443 "POST /v1/metrics HTTP/1.1" 200 2
2025-06-01 21:04:26,082 DEBUG    [urllib3.connectionpool] https://logfire-eu.pydantic.dev:443 "POST /v1/metrics HTTP/1.1" 200 2
2025-06-01 21:05:26,152 DEBUG    [urllib3.connectionpool] https://logfire-eu.pydantic.dev:443 "POST /v1/metrics HTTP/1.1" 200 2
2025-06-01 21:06:26,220 DEBUG    [urllib3.connectionpool] https://logfire-eu.pydantic.dev:443 "POST /v1/metrics HTTP/1.1" 200 2
2025-06-01 21:07:26,292 DEBUG    [urllib3.connectionpool] https://logfire-eu.pydantic.dev:443 "POST /v1/metrics HTTP/1.1" 200 2
2025-06-01 21:08:26,356 DEBUG    [urllib3.connectionpool] https://logfire-eu.pydantic.dev:443 "POST /v1/metrics HTTP/1.1" 200 2
2025-06-01 21:09:26,423 DEBUG    [urllib3.connectionpool] https://logfire-eu.pydantic.dev:443 "POST /v1/metrics HTTP/1.1" 200 2
2025-06-01 21:10:26,491 DEBUG    [urllib3.connectionpool] https://logfire-eu.pydantic.dev:443 "POST /v1/metrics HTTP/1.1" 200 2
2025-06-01 21:11:26,562 DEBUG    [urllib3.connectionpool] https://logfire-eu.pydantic.dev:443 "POST /v1/metrics HTTP/1.1" 200 2
2025-06-01 21:12:26,632 DEBUG    [urllib3.connectionpool] https://logfire-eu.pydantic.dev:443 "POST /v1/metrics HTTP/1.1" 200 2
2025-06-01 21:13:26,693 DEBUG    [urllib3.connectionpool] https://logfire-eu.pydantic.dev:443 "POST /v1/metrics HTTP/1.1" 200 2
2025-06-01 21:14:26,767 DEBUG    [urllib3.connectionpool] https://logfire-eu.pydantic.dev:443 "POST /v1/metrics HTTP/1.1" 200 2
2025-06-01 21:15:26,846 DEBUG    [urllib3.connectionpool] https://logfire-eu.pydantic.dev:443 "POST /v1/metrics HTTP/1.1" 200 2
2025-06-01 21:16:26,942 DEBUG    [urllib3.connectionpool] https://logfire-eu.pydantic.dev:443 "POST /v1/metrics HTTP/1.1" 200 2
2025-06-01 21:17:27,008 DEBUG    [urllib3.connectionpool] https://logfire-eu.pydantic.dev:443 "POST /v1/metrics HTTP/1.1" 200 2
2025-06-01 21:18:27,087 DEBUG    [urllib3.connectionpool] https://logfire-eu.pydantic.dev:443 "POST /v1/metrics HTTP/1.1" 200 2
2025-06-01 21:19:27,147 DEBUG    [urllib3.connectionpool] https://logfire-eu.pydantic.dev:443 "POST /v1/metrics HTTP/1.1" 200 2
2025-06-01 21:20:27,240 DEBUG    [urllib3.connectionpool] https://logfire-eu.pydantic.dev:443 "POST /v1/metrics HTTP/1.1" 200 2
2025-06-01 21:21:27,329 DEBUG    [urllib3.connectionpool] https://logfire-eu.pydantic.dev:443 "POST /v1/metrics HTTP/1.1" 200 2
2025-06-01 21:22:27,393 DEBUG    [urllib3.connectionpool] https://logfire-eu.pydantic.dev:443 "POST /v1/metrics HTTP/1.1" 200 2
2025-06-01 21:23:27,453 DEBUG    [urllib3.connectionpool] https://logfire-eu.pydantic.dev:443 "POST /v1/metrics HTTP/1.1" 200 2
2025-06-01 21:24:27,522 DEBUG    [urllib3.connectionpool] https://logfire-eu.pydantic.dev:443 "POST /v1/metrics HTTP/1.1" 200 2
2025-06-01 21:25:27,597 DEBUG    [urllib3.connectionpool] https://logfire-eu.pydantic.dev:443 "POST /v1/metrics HTTP/1.1" 200 2
2025-06-01 21:26:27,666 DEBUG    [urllib3.connectionpool] https://logfire-eu.pydantic.dev:443 "POST /v1/metrics HTTP/1.1" 200 2
2025-06-01 21:27:27,734 DEBUG    [urllib3.connectionpool] https://logfire-eu.pydantic.dev:443 "POST /v1/metrics HTTP/1.1" 200 2
2025-06-01 21:28:27,795 DEBUG    [urllib3.connectionpool] https://logfire-eu.pydantic.dev:443 "POST /v1/metrics HTTP/1.1" 200 2
2025-06-01 21:29:27,866 DEBUG    [urllib3.connectionpool] https://logfire-eu.pydantic.dev:443 "POST /v1/metrics HTTP/1.1" 200 2
2025-06-01 21:30:27,938 DEBUG    [urllib3.connectionpool] https://logfire-eu.pydantic.dev:443 "POST /v1/metrics HTTP/1.1" 200 2
2025-06-01 21:31:28,004 DEBUG    [urllib3.connectionpool] https://logfire-eu.pydantic.dev:443 "POST /v1/metrics HTTP/1.1" 200 2
2025-06-01 21:32:28,078 DEBUG    [urllib3.connectionpool] https://logfire-eu.pydantic.dev:443 "POST /v1/metrics HTTP/1.1" 200 2
2025-06-01 21:33:28,150 DEBUG    [urllib3.connectionpool] https://logfire-eu.pydantic.dev:443 "POST /v1/metrics HTTP/1.1" 200 2
2025-06-01 21:34:28,214 DEBUG    [urllib3.connectionpool] https://logfire-eu.pydantic.dev:443 "POST /v1/metrics HTTP/1.1" 200 2
2025-06-01 21:35:28,292 DEBUG    [urllib3.connectionpool] https://logfire-eu.pydantic.dev:443 "POST /v1/metrics HTTP/1.1" 200 2
2025-06-01 21:36:28,377 DEBUG    [urllib3.connectionpool] https://logfire-eu.pydantic.dev:443 "POST /v1/metrics HTTP/1.1" 200 2
2025-06-01 21:37:28,458 DEBUG    [urllib3.connectionpool] https://logfire-eu.pydantic.dev:443 "POST /v1/metrics HTTP/1.1" 200 2
2025-06-01 21:38:28,526 DEBUG    [urllib3.connectionpool] https://logfire-eu.pydantic.dev:443 "POST /v1/metrics HTTP/1.1" 200 2
2025-06-01 21:39:28,593 DEBUG    [urllib3.connectionpool] https://logfire-eu.pydantic.dev:443 "POST /v1/metrics HTTP/1.1" 200 2
2025-06-02 05:07:54,035 DEBUG    [urllib3.connectionpool] Starting new HTTPS connection (2): logfire-eu.pydantic.dev:443
2025-06-02 05:07:54,145 DEBUG    [urllib3.connectionpool] https://logfire-eu.pydantic.dev:443 "POST /v1/metrics HTTP/1.1" 200 2
2025-06-02 05:07:55,770 DEBUG    [urllib3.connectionpool] Starting new HTTPS connection (1): logfire-eu.pydantic.dev:443
2025-06-02 05:07:55,880 DEBUG    [urllib3.connectionpool] https://logfire-eu.pydantic.dev:443 "POST /v1/metrics HTTP/1.1" 200 2
2025-06-02 05:08:54,207 DEBUG    [urllib3.connectionpool] https://logfire-eu.pydantic.dev:443 "POST /v1/metrics HTTP/1.1" 200 2
2025-06-02 05:09:54,266 DEBUG    [urllib3.connectionpool] https://logfire-eu.pydantic.dev:443 "POST /v1/metrics HTTP/1.1" 200 2
2025-06-02 05:10:54,327 DEBUG    [urllib3.connectionpool] https://logfire-eu.pydantic.dev:443 "POST /v1/metrics HTTP/1.1" 200 2
2025-06-02 05:11:54,391 DEBUG    [urllib3.connectionpool] https://logfire-eu.pydantic.dev:443 "POST /v1/metrics HTTP/1.1" 200 2
2025-06-02 05:12:54,457 DEBUG    [urllib3.connectionpool] https://logfire-eu.pydantic.dev:443 "POST /v1/metrics HTTP/1.1" 200 2
2025-06-02 05:13:54,514 DEBUG    [urllib3.connectionpool] https://logfire-eu.pydantic.dev:443 "POST /v1/metrics HTTP/1.1" 200 2
2025-06-02 05:14:54,571 DEBUG    [urllib3.connectionpool] https://logfire-eu.pydantic.dev:443 "POST /v1/metrics HTTP/1.1" 200 2
2025-06-02 05:15:54,793 DEBUG    [urllib3.connectionpool] https://logfire-eu.pydantic.dev:443 "POST /v1/metrics HTTP/1.1" 200 2
2025-06-02 05:16:54,852 DEBUG    [urllib3.connectionpool] https://logfire-eu.pydantic.dev:443 "POST /v1/metrics HTTP/1.1" 200 2
2025-06-02 05:17:54,911 DEBUG    [urllib3.connectionpool] https://logfire-eu.pydantic.dev:443 "POST /v1/metrics HTTP/1.1" 200 2
2025-06-02 05:18:54,974 DEBUG    [urllib3.connectionpool] https://logfire-eu.pydantic.dev:443 "POST /v1/metrics HTTP/1.1" 200 2
2025-06-02 05:19:55,034 DEBUG    [urllib3.connectionpool] https://logfire-eu.pydantic.dev:443 "POST /v1/metrics HTTP/1.1" 200 2
2025-06-02 05:20:55,097 DEBUG    [urllib3.connectionpool] https://logfire-eu.pydantic.dev:443 "POST /v1/metrics HTTP/1.1" 200 2
2025-06-02 05:21:55,162 DEBUG    [urllib3.connectionpool] https://logfire-eu.pydantic.dev:443 "POST /v1/metrics HTTP/1.1" 200 2
2025-06-02 05:22:55,226 DEBUG    [urllib3.connectionpool] https://logfire-eu.pydantic.dev:443 "POST /v1/metrics HTTP/1.1" 200 2
2025-06-02 05:23:55,283 DEBUG    [urllib3.connectionpool] https://logfire-eu.pydantic.dev:443 "POST /v1/metrics HTTP/1.1" 200 2
2025-06-02 05:24:55,341 DEBUG    [urllib3.connectionpool] https://logfire-eu.pydantic.dev:443 "POST /v1/metrics HTTP/1.1" 200 2
2025-06-02 05:25:55,414 DEBUG    [urllib3.connectionpool] https://logfire-eu.pydantic.dev:443 "POST /v1/metrics HTTP/1.1" 200 2
2025-06-02 05:26:55,474 DEBUG    [urllib3.connectionpool] https://logfire-eu.pydantic.dev:443 "POST /v1/metrics HTTP/1.1" 200 2
2025-06-02 05:27:55,534 DEBUG    [urllib3.connectionpool] https://logfire-eu.pydantic.dev:443 "POST /v1/metrics HTTP/1.1" 200 2
2025-06-02 05:28:55,607 DEBUG    [urllib3.connectionpool] https://logfire-eu.pydantic.dev:443 "POST /v1/metrics HTTP/1.1" 200 2
2025-06-02 05:29:55,668 DEBUG    [urllib3.connectionpool] https://logfire-eu.pydantic.dev:443 "POST /v1/metrics HTTP/1.1" 200 2
2025-06-02 05:30:55,728 DEBUG    [urllib3.connectionpool] https://logfire-eu.pydantic.dev:443 "POST /v1/metrics HTTP/1.1" 200 2
2025-06-02 05:31:55,790 DEBUG    [urllib3.connectionpool] https://logfire-eu.pydantic.dev:443 "POST /v1/metrics HTTP/1.1" 200 2
2025-06-02 05:32:55,848 DEBUG    [urllib3.connectionpool] https://logfire-eu.pydantic.dev:443 "POST /v1/metrics HTTP/1.1" 200 2
2025-06-02 05:33:55,904 DEBUG    [urllib3.connectionpool] https://logfire-eu.pydantic.dev:443 "POST /v1/metrics HTTP/1.1" 200 2
2025-06-02 05:34:55,963 DEBUG    [urllib3.connectionpool] https://logfire-eu.pydantic.dev:443 "POST /v1/metrics HTTP/1.1" 200 2
2025-06-02 05:35:56,020 DEBUG    [urllib3.connectionpool] https://logfire-eu.pydantic.dev:443 "POST /v1/metrics HTTP/1.1" 200 2
2025-06-02 05:36:56,079 DEBUG    [urllib3.connectionpool] https://logfire-eu.pydantic.dev:443 "POST /v1/metrics HTTP/1.1" 200 2
2025-06-02 05:37:56,145 DEBUG    [urllib3.connectionpool] https://logfire-eu.pydantic.dev:443 "POST /v1/metrics HTTP/1.1" 200 2
2025-06-02 05:38:56,207 DEBUG    [urllib3.connectionpool] https://logfire-eu.pydantic.dev:443 "POST /v1/metrics HTTP/1.1" 200 2
2025-06-02 05:39:56,269 DEBUG    [urllib3.connectionpool] https://logfire-eu.pydantic.dev:443 "POST /v1/metrics HTTP/1.1" 200 2
2025-06-02 05:40:56,329 DEBUG    [urllib3.connectionpool] https://logfire-eu.pydantic.dev:443 "POST /v1/metrics HTTP/1.1" 200 2
2025-06-02 05:41:56,891 DEBUG    [urllib3.connectionpool] https://logfire-eu.pydantic.dev:443 "POST /v1/metrics HTTP/1.1" 200 2
2025-06-02 05:42:56,953 DEBUG    [urllib3.connectionpool] https://logfire-eu.pydantic.dev:443 "POST /v1/metrics HTTP/1.1" 200 2
2025-06-02 05:43:57,014 DEBUG    [urllib3.connectionpool] https://logfire-eu.pydantic.dev:443 "POST /v1/metrics HTTP/1.1" 200 2
2025-06-02 05:44:57,071 DEBUG    [urllib3.connectionpool] https://logfire-eu.pydantic.dev:443 "POST /v1/metrics HTTP/1.1" 200 2
2025-06-02 05:45:57,144 DEBUG    [urllib3.connectionpool] https://logfire-eu.pydantic.dev:443 "POST /v1/metrics HTTP/1.1" 200 2
2025-06-02 05:46:57,207 DEBUG    [urllib3.connectionpool] https://logfire-eu.pydantic.dev:443 "POST /v1/metrics HTTP/1.1" 200 2
2025-06-02 05:47:57,268 DEBUG    [urllib3.connectionpool] https://logfire-eu.pydantic.dev:443 "POST /v1/metrics HTTP/1.1" 200 2
2025-06-02 05:48:57,328 DEBUG    [urllib3.connectionpool] https://logfire-eu.pydantic.dev:443 "POST /v1/metrics HTTP/1.1" 200 2
2025-06-02 05:49:57,393 DEBUG    [urllib3.connectionpool] https://logfire-eu.pydantic.dev:443 "POST /v1/metrics HTTP/1.1" 200 2
2025-06-02 05:50:57,451 DEBUG    [urllib3.connectionpool] https://logfire-eu.pydantic.dev:443 "POST /v1/metrics HTTP/1.1" 200 2
2025-06-02 05:51:57,517 DEBUG    [urllib3.connectionpool] https://logfire-eu.pydantic.dev:443 "POST /v1/metrics HTTP/1.1" 200 2
2025-06-02 05:52:57,581 DEBUG    [urllib3.connectionpool] https://logfire-eu.pydantic.dev:443 "POST /v1/metrics HTTP/1.1" 200 2
2025-06-02 05:53:57,657 DEBUG    [urllib3.connectionpool] https://logfire-eu.pydantic.dev:443 "POST /v1/metrics HTTP/1.1" 200 2
2025-06-02 05:54:57,722 DEBUG    [urllib3.connectionpool] https://logfire-eu.pydantic.dev:443 "POST /v1/metrics HTTP/1.1" 200 2
2025-06-02 05:55:57,781 DEBUG    [urllib3.connectionpool] https://logfire-eu.pydantic.dev:443 "POST /v1/metrics HTTP/1.1" 200 2
2025-06-02 05:56:57,843 DEBUG    [urllib3.connectionpool] https://logfire-eu.pydantic.dev:443 "POST /v1/metrics HTTP/1.1" 200 2
2025-06-02 05:57:57,903 DEBUG    [urllib3.connectionpool] https://logfire-eu.pydantic.dev:443 "POST /v1/metrics HTTP/1.1" 200 2
2025-06-02 05:58:57,969 DEBUG    [urllib3.connectionpool] https://logfire-eu.pydantic.dev:443 "POST /v1/metrics HTTP/1.1" 200 2
2025-06-02 05:59:58,029 DEBUG    [urllib3.connectionpool] https://logfire-eu.pydantic.dev:443 "POST /v1/metrics HTTP/1.1" 200 2
2025-06-02 06:00:58,087 DEBUG    [urllib3.connectionpool] https://logfire-eu.pydantic.dev:443 "POST /v1/metrics HTTP/1.1" 200 2
2025-06-02 06:01:58,151 DEBUG    [urllib3.connectionpool] https://logfire-eu.pydantic.dev:443 "POST /v1/metrics HTTP/1.1" 200 2
2025-06-02 06:02:58,211 DEBUG    [urllib3.connectionpool] https://logfire-eu.pydantic.dev:443 "POST /v1/metrics HTTP/1.1" 200 2
2025-06-02 06:03:58,276 DEBUG    [urllib3.connectionpool] https://logfire-eu.pydantic.dev:443 "POST /v1/metrics HTTP/1.1" 200 2
2025-06-02 06:04:58,337 DEBUG    [urllib3.connectionpool] https://logfire-eu.pydantic.dev:443 "POST /v1/metrics HTTP/1.1" 200 2
2025-06-02 06:05:58,400 DEBUG    [urllib3.connectionpool] https://logfire-eu.pydantic.dev:443 "POST /v1/metrics HTTP/1.1" 200 2
2025-06-02 06:06:58,464 DEBUG    [urllib3.connectionpool] https://logfire-eu.pydantic.dev:443 "POST /v1/metrics HTTP/1.1" 200 2
2025-06-02 06:07:58,526 DEBUG    [urllib3.connectionpool] https://logfire-eu.pydantic.dev:443 "POST /v1/metrics HTTP/1.1" 200 2
2025-06-02 06:08:58,588 DEBUG    [urllib3.connectionpool] https://logfire-eu.pydantic.dev:443 "POST /v1/metrics HTTP/1.1" 200 2
2025-06-02 06:09:58,650 DEBUG    [urllib3.connectionpool] https://logfire-eu.pydantic.dev:443 "POST /v1/metrics HTTP/1.1" 200 2
2025-06-02 06:10:58,710 DEBUG    [urllib3.connectionpool] https://logfire-eu.pydantic.dev:443 "POST /v1/metrics HTTP/1.1" 200 2
2025-06-02 06:11:58,770 DEBUG    [urllib3.connectionpool] https://logfire-eu.pydantic.dev:443 "POST /v1/metrics HTTP/1.1" 200 2
2025-06-02 06:12:58,833 DEBUG    [urllib3.connectionpool] https://logfire-eu.pydantic.dev:443 "POST /v1/metrics HTTP/1.1" 200 2
2025-06-02 06:13:58,892 DEBUG    [urllib3.connectionpool] https://logfire-eu.pydantic.dev:443 "POST /v1/metrics HTTP/1.1" 200 2
2025-06-02 06:14:58,952 DEBUG    [urllib3.connectionpool] https://logfire-eu.pydantic.dev:443 "POST /v1/metrics HTTP/1.1" 200 2
2025-06-02 06:15:59,014 DEBUG    [urllib3.connectionpool] https://logfire-eu.pydantic.dev:443 "POST /v1/metrics HTTP/1.1" 200 2
2025-06-02 06:16:59,075 DEBUG    [urllib3.connectionpool] https://logfire-eu.pydantic.dev:443 "POST /v1/metrics HTTP/1.1" 200 2
2025-06-02 13:30:06,065 DEBUG    [urllib3.connectionpool] Starting new HTTPS connection (3): logfire-eu.pydantic.dev:443
2025-06-02 13:30:06,175 DEBUG    [urllib3.connectionpool] https://logfire-eu.pydantic.dev:443 "POST /v1/metrics HTTP/1.1" 200 2
2025-06-02 13:30:07,933 DEBUG    [urllib3.connectionpool] Resetting dropped connection: logfire-eu.pydantic.dev
2025-06-02 13:30:08,051 DEBUG    [urllib3.connectionpool] https://logfire-eu.pydantic.dev:443 "POST /v1/metrics HTTP/1.1" 200 2
